{"ts":1644168338516,"raw":"8D471F7EEA05F840011C005438DE","type":"ADSB_TargetState","icaoId":"471f7e","aircraft":"Airbus A320-232","callsign":"HA-LYC"}
{"ts":1644168339109,"raw":"8D507C425843B517106C4B92404C","type":"ADSB_AirbornePositionBaro","icaoId":"507c42","aircraft":"Airbus A320-214","callsign":"UK-32019"}
{"ts":1644168339115,"raw":"8D4CA97C234994B82C6820FF9898","type":"ADSB_AircraftIdentification","icaoId":"4ca97c","aircraft":"Boeing 737-8AS","callsign":"EI-ESV"}
{"ts":1644168339116,"raw":"8D4CA97C586B24DC602C830BF0A3","type":"ADSB_AirbornePositionBaro","icaoId":"4ca97c","aircraft":"Boeing 737-8AS","callsign":"EI-ESV"}
{"ts":1644168339117,"raw":"8D507C422355A0B3DF3CA089DC11","type":"ADSB_AircraftIdentification","icaoId":"507c42","aircraft":"Airbus A320-214","callsign":"UK-32019"}
{"ts":1644168339119,"raw":"8D507C42EA34D858011C0861FFD1","type":"ADSB_TargetState","icaoId":"507c42","aircraft":"Airbus A320-214","callsign":"UK-32019"}
{"ts":1644168339120,"raw":"8D471F7E580D750A64414984B85F","type":"ADSB_AirbornePositionBaro","icaoId":"471f7e","aircraft":"Airbus A320-232","callsign":"HA-LYC"}
{"ts":1644168339121,"raw":"8D507C429908C31C10B8938C7E54","type":"ADSB_AirborneVelocity","icaoId":"507c42","aircraft":"Airbus A320-214","callsign":"UK-32019"}
{"ts":1644168339124,"raw":"8D507C425843C517246C53AEFF65","type":"ADSB_AirbornePositionBaro","icaoId":"507c42","aircraft":"Airbus A320-214","callsign":"UK-32019"}
{"ts":1644168339126,"raw":"8D4CA97C990D698D908C9BA4C44A","type":"ADSB_AirborneVelocity","icaoId":"4ca97c","aircraft":"Boeing 737-8AS","callsign":"EI-ESV"}
{"ts":1644168339450,"raw":"8D4CA97C586B316AE2571C3BDCA8","type":"ADSB_AirbornePositionBaro","icaoId":"4ca97c","aircraft":"Boeing 737-8AS","callsign":"EI-ESV"}
{"ts":1644168339514,"raw":"8D507C425843D1A6D098CED3524B","type":"ADSB_AirbornePositionBaro","icaoId":"507c42","aircraft":"Airbus A320-214","callsign":"UK-32019"}
{"ts":1644168339717,"raw":"8D471F7EEA05F840011C005438DE","type":"ADSB_TargetState","icaoId":"471f7e","aircraft":"Airbus A320-232","callsign":"HA-LYC"}
{"ts":1644168339847,"raw":"8D471F7E580DA50A62413CDDA387","type":"ADSB_AirbornePositionBaro","icaoId":"471f7e","aircraft":"Airbus A320-232","callsign":"HA-LYC"}
{"ts":1644168339912,"raw":"8D471F7E235DA6B6C34C60C48403","type":"ADSB_AircraftIdentification","icaoId":"471f7e","aircraft":"Airbus A320-232","callsign":"HA-LYC"}
{"ts":1644168340042,"raw":"8D507C429908C31C10B89473AE70","type":"ADSB_AirborneVelocity","icaoId":"507c42","aircraft":"Airbus A320-214","callsign":"UK-32019"}
{"ts":1644168340169,"raw":"8D507C42EA34D858011C0861FFD1","type":"ADSB_TargetState","icaoId":"507c42","aircraft":"Airbus A320-214","callsign":"UK-32019"}
{"ts":1644168340364,"raw":"8D471F7EF8030002004878E7C392","type":"ADSB_AircraftOperationStatus","icaoId":"471f7e","aircraft":"Airbus A320-232","callsign":"HA-LYC"}
{"ts":1644168340365,"raw":"8D4CA97C990D6A8D90889C663D3C","type":"ADSB_AirborneVelocity","icaoId":"4ca97c","aircraft":"Boeing 737-8AS","callsign":"EI-ESV"}
{"ts":1644168340562,"raw":"8D471F7E990C898150E484F7CEA6","type":"ADSB_AirborneVelocity","icaoId":"471f7e","aircraft":"Airbus A320-232","callsign":"HA-LYC"}
{"ts":1644168340695,"raw":"8D507C42F8230003004878DFE0A2","type":"ADSB_AircraftOperationStatus","icaoId":"507c42","aircraft":"Airbus A320-214","callsign":"UK-32019"}
{"ts":1644168340892,"raw":"8D4CA97C586B54DC302C3436FDCD","type":"ADSB_AirbornePositionBaro","icaoId":"4ca97c","aircraft":"Boeing 737-8AS","callsign":"EI-ESV"}
{"ts":1644168340958,"raw":"8D471F7EEA05F840011C005438DE","type":"ADSB_TargetState","icaoId":"471f7e","aircraft":"Airbus A320-232","callsign":"HA-LYC"}
{"ts":1644168341088,"raw":"8D471F7E990C888150E4830B144C","type":"ADSB_AirborneVelocity","icaoId":"471f7e","aircraft":"Airbus A320-232","callsign":"HA-LYC"}
{"ts":1644168341092,"raw":"8D507C429908C31BF0B494CD861F","type":"ADSB_AirborneVelocity","icaoId":"507c42","aircraft":"Airbus A320-214","callsign":"UK-32019"}
{"ts":1644168341353,"raw":"8D4CA97C586B64DC262C2296718E","type":"ADSB_AirbornePositionBaro","icaoId":"4ca97c","aircraft":"Boeing 737-8AS","callsign":"EI-ESV"}
{"ts":1644168341550,"raw":"8D507C42584511A72C98F721D521","type":"ADSB_AirbornePositionBaro","icaoId":"507c42","aircraft":"Airbus A320-214","callsign":"UK-32019"}
{"ts":1644168341613,"raw":"8D471F7E990C888150E884BC9E68","type":"ADSB_AirborneVelocity","icaoId":"471f7e","aircraft":"Airbus A320-232","callsign":"HA-LYC"}
{"ts":1644168342008,"raw":"8D507C429908C31BF0B494CD861F","type":"ADSB_AirborneVelocity","icaoId":"507c42","aircraft":"Airbus A320-214","callsign":"UK-32019"}
{"ts":1644168342134,"raw":"8D4CA97CF823000600487831E219","type":"ADSB_AircraftOperationStatus","icaoId":"4ca97c","aircraft":"Boeing 737-8AS","callsign":"EI-ESV"}
{"ts":1644168342464,"raw":"8D507C429908C31BF0B49332563B","type":"ADSB_AirborneVelocity","icaoId":"507c42","aircraft":"Airbus A320-214","callsign":"UK-32019"}
{"ts":1644168342467,"raw":"8D507C4258453517BE6C953F0901","type":"ADSB_AirbornePositionBaro","icaoId":"507c42","aircraft":"Airbus A320-214","callsign":"UK-32019"}
{"ts":1644168342532,"raw":"8D471F7E990C878150EC8495CA72","type":"ADSB_AirborneVelocity","icaoId":"471f7e","aircraft":"Airbus A320-232","callsign":"HA-LYC"}
{"ts":1644168342594,"raw":"8D507C42E11BBC00000000CA0704","type":"ADSB_AircraftStatus","icaoId":"507c42","aircraft":"Airbus A320-214","callsign":"UK-32019"}
{"ts":1644168342728,"raw":"8D4CA97C990D6A8D90889C663D3C","type":"ADSB_AirborneVelocity","icaoId":"4ca97c","aircraft":"Boeing 737-8AS","callsign":"EI-ESV"}
{"ts":1644168342924,"raw":"8D471F7EF8030002004878E7C392","type":"ADSB_AircraftOperationStatus","icaoId":"471f7e","aircraft":"Airbus A320-232","callsign":"HA-LYC"}
{"ts":1644168342991,"raw":"8D507C429908C31BF0B094F5B01F","type":"ADSB_AirborneVelocity","icaoId":"507c42","aircraft":"Airbus A320-214","callsign":"UK-32019"}
{"ts":1644168343052,"raw":"8F471F7E580F250A5C411326681C","type":"ADSB_AirbornePositionBaro","icaoId":"471f7e","aircraft":"Airbus A320-232","callsign":"HA-LYC"}
{"ts":1644168343057,"raw":"8D507C4258454517D86CA14E2B02","type":"ADSB_AirbornePositionBaro","icaoId":"507c42","aircraft":"Airbus A320-214","callsign":"UK-32019"}
{"ts":1644168343121,"raw":"8F471F7E990C868150EC83D9F268","type":"ADSB_AirborneVelocity","icaoId":"471f7e","aircraft":"Airbus A320-232","callsign":"HA-LYC"}
{"ts":1644168343123,"raw":"8D4CA97C990D6A8D90889B99ED18","type":"ADSB_AirborneVelocity","icaoId":"4ca97c","aircraft":"Boeing 737-8AS","callsign":"EI-ESV"}
{"ts":1644168343378,"raw":"8D4CA97CE10AB100000000EF9D5C","type":"ADSB_AircraftStatus","icaoId":"4ca97c","aircraft":"Boeing 737-8AS","callsign":"EI-ESV"}
{"ts":1644168343448,"raw":"8F471F7EEA05F840011C00E4DA2E","type":"ADSB_TargetState","icaoId":"471f7e","aircraft":"Airbus A320-232","callsign":"HA-LYC"}
{"ts":1644168343451,"raw":"8D4CA97C234994B82C6820FF9898","type":"ADSB_AircraftIdentification","icaoId":"4ca97c","aircraft":"Boeing 737-8AS","callsign":"EI-ESV"}
{"ts":1644168343513,"raw":"8D4CA97CEA32E866C31C08782250","type":"ADSB_TargetState","icaoId":"4ca97c","aircraft":"Boeing 737-8AS","callsign":"EI-ESV"}
{"ts":1644168343515,"raw":"8F471F7E580F3199B86C524E114F","type":"ADSB_AirbornePositionBaro","icaoId":"471f7e","aircraft":"Airbus A320-232","callsign":"HA-LYC"}
{"ts":1644168343643,"raw":"8D4CA97C990D6A8D908C9C5E0B3C","type":"ADSB_AirborneVelocity","icaoId":"4ca97c","aircraft":"Boeing 737-8AS","callsign":"EI-ESV"}
{"ts":1644168344103,"raw":"8F471F7E580F450A5A4105A9BF2F","type":"ADSB_AirbornePositionBaro","icaoId":"471f7e","aircraft":"Airbus A320-232","callsign":"HA-LYC"}
{"ts":1644168344106,"raw":"8F471F7E990C868150E883E1C468","type":"ADSB_AirborneVelocity","icaoId":"471f7e","aircraft":"Airbus A320-232","callsign":"HA-LYC"}
{"ts":1644168344169,"raw":"8D507C42584565180A6CB605BE7B","type":"ADSB_AirbornePositionBaro","icaoId":"507c42","aircraft":"Airbus A320-214","callsign":"UK-32019"}
{"ts":1644168344434,"raw":"8D507C429908C31BF0AC93A2E23B","type":"ADSB_AirborneVelocity","icaoId":"507c42","aircraft":"Airbus A320-214","callsign":"UK-32019"}
{"ts":1644168344562,"raw":"8F471F7E580F6199B66C44FE9154","type":"ADSB_AirbornePositionBaro","icaoId":"471f7e","aircraft":"Airbus A320-232","callsign":"HA-LYC"}
{"ts":1644168344629,"raw":"8D4CA97CF823000600487831E219","type":"ADSB_AircraftOperationStatus","icaoId":"4ca97c","aircraft":"Boeing 737-8AS","callsign":"EI-ESV"}
{"ts":1644168344689,"raw":"8D507C42584571A7B69932353149","type":"ADSB_AirbornePositionBaro","icaoId":"507c42","aircraft":"Airbus A320-214","callsign":"UK-32019"}
{"ts":1644168344691,"raw":"8D4CA97C586BA16A725661B5B027","type":"ADSB_AirbornePositionBaro","icaoId":"4ca97c","aircraft":"Boeing 737-8AS","callsign":"EI-ESV"}
{"ts":1644168344760,"raw":"8D4CA97CEA32E866C31C08782250","type":"ADSB_TargetState","icaoId":"4ca97c","aircraft":"Boeing 737-8AS","callsign":"EI-ESV"}
{"ts":1644168345019,"raw":"8F471F7E580F750A5A40F9F3AB1D","type":"ADSB_AirbornePositionBaro","icaoId":"471f7e","aircraft":"Airbus A320-232","callsign":"HA-LYC"}
{"ts":1644168345084,"raw":"8D507C42584581A7C8993A8C0F69","type":"ADSB_AirbornePositionBaro","icaoId":"507c42","aircraft":"Airbus A320-214","callsign":"UK-32019"}
{"ts":1644168345149,"raw":"8D4CA97C990D6B8D908C9BA2D1D6","type":"ADSB_AirborneVelocity","icaoId":"4ca97c","aircraft":"Boeing 737-8AS","callsign":"EI-ESV"}
{"ts":1644168345154,"raw":"8D507C42EA34D858011C0861FFD1","type":"ADSB_TargetState","icaoId":"507c42","aircraft":"Airbus A320-214","callsign":"UK-32019"}
{"ts":1644168345155,"raw":"8F471F7E990C858170E8845E7737","type":"ADSB_AirborneVelocity","icaoId":"471f7e","aircraft":"Airbus A320-232","callsign":"HA-LYC"}
{"ts":1644168345416,"raw":"8F471F7E580F850A5840F4FE6A65","type":"ADSB_AirbornePositionBaro","icaoId":"471f7e","aircraft":"Airbus A320-232","callsign":"HA-LYC"}
{"ts":1644168345480,"raw":"8D507C4258458518446CCE16B68A","type":"ADSB_AirbornePositionBaro","icaoId":"507c42","aircraft":"Airbus A320-214","callsign":"UK-32019"}
{"ts":1644168345544,"raw":"8D4CA97C990D6B8D90909CF583F2","type":"ADSB_AirborneVelocity","icaoId":"4ca97c","aircraft":"Boeing 737-8AS","callsign":"EI-ESV"}
{"ts":1644168345546,"raw":"8D507C429908C31BF0AC93A2E23B","type":"ADSB_AirborneVelocity","icaoId":"507c42","aircraft":"Airbus A320-214","callsign":"UK-32019"}
{"ts":1644168345740,"raw":"8F471F7E990C858170E885A1833E","type":"ADSB_AirborneVelocity","icaoId":"471f7e","aircraft":"Airbus A320-232","callsign":"HA-LYC"}
{"ts":1644168345936,"raw":"8D507C42584591A7F0994BB76FB9","type":"ADSB_AirbornePositionBaro","icaoId":"507c42","aircraft":"Airbus A320-214","callsign":"UK-32019"}
{"ts":1644168345942,"raw":"8F471F7EEA05F840011C08E4AA42","type":"ADSB_TargetState","icaoId":"471f7e","aircraft":"Airbus A320-232","callsign":"HA-LYC"}
{"ts":1644168346003,"raw":"8F471F7E580F9199B46C31F18248","type":"ADSB_AirbornePositionBaro","icaoId":"471f7e","aircraft":"Airbus A320-232","callsign":"HA-LYC"}
{"ts":1644168346005,"raw":"8D507C429908C31BF0A89465041F","type":"ADSB_AirborneVelocity","icaoId":"507c42","aircraft":"Airbus A320-214","callsign":"UK-32019"}
{"ts":1644168346005,"raw":"8D4CA97C586BC16A56563298FCE0","type":"ADSB_AirbornePositionBaro","icaoId":"4ca97c","aircraft":"Boeing 737-8AS","callsign":"EI-ESV"}
{"ts":1644168346008,"raw":"8D4CA97CEA32E866C31C08782250","type":"ADSB_TargetState","icaoId":"4ca97c","aircraft":"Boeing 737-8AS","callsign":"EI-ESV"}
{"ts":1644168346134,"raw":"8F471F7E990C848170E8845D7DF9","type":"ADSB_AirborneVelocity","icaoId":"471f7e","aircraft":"Airbus A320-232","callsign":"HA-LYC"}
{"ts":1644168346394,"raw":"8D4CA97C990D6B8DB0909CB0FFDB","type":"ADSB_AirborneVelocity","icaoId":"4ca97c","aircraft":"Boeing 737-8AS","callsign":"EI-ESV"}
{"ts":1644168346399,"raw":"8D507C425845A1A8069954BE0B61","type":"ADSB_AirbornePositionBaro","icaoId":"507c42","aircraft":"Airbus A320-214","callsign":"UK-32019"}
{"ts":1644168346461,"raw":"8D507C42EA34D858011C0861FFD1","type":"ADSB_TargetState","icaoId":"507c42","aircraft":"Airbus A320-214","callsign":"UK-32019"}
{"ts":1644168346723,"raw":"8F471F7E990C848170E485EAD3F0","type":"ADSB_AirborneVelocity","icaoId":"471f7e","aircraft":"Airbus A320-232","callsign":"HA-LYC"}
{"ts":1644168346920,"raw":"8D507C425845B1A81C995E26856C","type":"ADSB_AirbornePositionBaro","icaoId":"507c42","aircraft":"Airbus A320-214","callsign":"UK-32019"}
{"ts":1644168346983,"raw":"8F471F7E580FC199B26C252FBC40","type":"ADSB_AirbornePositionBaro","icaoId":"471f7e","aircraft":"Airbus A320-232","callsign":"HA-LYC"}
{"ts":1644168347050,"raw":"8D507C429908C21BF0A894660ED1","type":"ADSB_AirborneVelocity","icaoId":"507c42","aircraft":"Airbus A320-214","callsign":"UK-32019"}
{"ts":1644168347052,"raw":"8D4CA97C586BE16A40560C096D9F","type":"ADSB_AirbornePositionBaro","icaoId":"4ca97c","aircraft":"Boeing 737-8AS","callsign":"EI-ESV"}
{"ts":1644168347117,"raw":"8D4CA97CF823000600487831E219","type":"ADSB_AircraftOperationStatus","icaoId":"4ca97c","aircraft":"Boeing 737-8AS","callsign":"EI-ESV"}
{"ts":1644168347121,"raw":"8F471F7EE11BB800000000C16676","type":"ADSB_AircraftStatus","icaoId":"471f7e","aircraft":"Airbus A320-232","callsign":"HA-LYC"}
{"ts":1644168347247,"raw":"8F471F7E990C838170E084242593","type":"ADSB_AirborneVelocity","icaoId":"471f7e","aircraft":"Airbus A320-232","callsign":"HA-LYC"}
{"ts":1644168347318,"raw":"8D4CA97C990D6B8DB0949C88C9DB","type":"ADSB_AirborneVelocity","icaoId":"4ca97c","aircraft":"Boeing 737-8AS","callsign":"EI-ESV"}
{"ts":1644168347444,"raw":"8D507C429908C21BF0A89399DEF5","type":"ADSB_AirborneVelocity","icaoId":"507c42","aircraft":"Airbus A320-214","callsign":"UK-32019"}
{"ts":1644168347639,"raw":"8D507C42E11BBC00000000CA0704","type":"ADSB_AircraftStatus","icaoId":"507c42","aircraft":"Airbus A320-214","callsign":"UK-32019"}
{"ts":1644168347836,"raw":"8D4CA97C990D6B8DB0949D773DD2","type":"ADSB_AirborneVelocity","icaoId":"4ca97c","aircraft":"Boeing 737-8AS","callsign":"EI-ESV"}
{"ts":1644168347903,"raw":"8F471F7EF8230002004878F357BB","type":"ADSB_AircraftOperationStatus","icaoId":"471f7e","aircraft":"Airbus A320-232","callsign":"HA-LYC"}
{"ts":1644168348036,"raw":"8D4CA97C586BF16A2855E88F8DAA","type":"ADSB_AirbornePositionBaro","icaoId":"4ca97c","aircraft":"Boeing 737-8AS","callsign":"EI-ESV"}
{"ts":1644168348294,"raw":"8F471F7E990C838170DC84B2E39A","type":"ADSB_AirborneVelocity","icaoId":"471f7e","aircraft":"Airbus A320-232","callsign":"HA-LYC"}
{"ts":1644168348621,"raw":"8D4CA97C586D016A1C55D309405F","type":"ADSB_AirbornePositionBaro","icaoId":"4ca97c","aircraft":"Boeing 737-8AS","callsign":"EI-ESV"}
{"ts":1644168348625,"raw":"8D507C425845E518CE6D0A20E2FB","type":"ADSB_AirbornePositionBaro","icaoId":"507c42","aircraft":"Airbus A320-214","callsign":"UK-32019"}
{"ts":1644168348822,"raw":"8D507C429908C21BF0A493D184F5","type":"ADSB_AirborneVelocity","icaoId":"507c42","aircraft":"Airbus A320-214","callsign":"UK-32019"}
{"ts":1644168348953,"raw":"8D507C42EA34D858011C0861FFD1","type":"ADSB_TargetState","icaoId":"507c42","aircraft":"Airbus A320-214","callsign":"UK-32019"}
{"ts":1644168348955,"raw":"8D507C422355A0B3DF3CA089DC11","type":"ADSB_AircraftIdentification","icaoId":"507c42","aircraft":"Airbus A320-214","callsign":"UK-32019"}
{"ts":1644168349022,"raw":"8D4CA97C990D6C8DB09C9B0E4195","type":"ADSB_AirborneVelocity","icaoId":"4ca97c","aircraft":"Boeing 737-8AS","callsign":"EI-ESV"}
{"ts":1644168349084,"raw":"8F471F7E58111199AE6C09E7E774","type":"ADSB_AirbornePositionBaro","icaoId":"471f7e","aircraft":"Airbus A320-232","callsign":"HA-LYC"}
{"ts":1644168349279,"raw":"8F471F7E990C828170D484C18554","type":"ADSB_AirborneVelocity","icaoId":"471f7e","aircraft":"Airbus A320-232","callsign":"HA-LYC"}
{"ts":1644168349345,"raw":"8D507C429908C21BF0A093E9B2F5","type":"ADSB_AirborneVelocity","icaoId":"507c42","aircraft":"Airbus A320-214","callsign":"UK-32019"}
{"ts":1644168349677,"raw":"8D507C4258470518FC6D1E6F6BCA","type":"ADSB_AirbornePositionBaro","icaoId":"507c42","aircraft":"Airbus A320-214","callsign":"UK-32019"}
{"ts":1644168349678,"raw":"8F471F7E990C828170D08506475D","type":"ADSB_AirborneVelocity","icaoId":"471f7e","aircraft":"Airbus A320-232","callsign":"HA-LYC"}
{"ts":1644168349739,"raw":"8D507C429908C21BF0A093E9B2F5","type":"ADSB_AirborneVelocity","icaoId":"507c42","aircraft":"Airbus A320-214","callsign":"UK-32019"}
{"ts":1644168349935,"raw":"8F471F7E58113199AC6BFE4D425A","type":"ADSB_AirbornePositionBaro","icaoId":"471f7e","aircraft":"Airbus A320-232","callsign":"HA-LYC"}
{"ts":1644168350004,"raw":"8D4CA97C990D6C8DB0A09C6757B8","type":"ADSB_AirborneVelocity","icaoId":"4ca97c","aircraft":"Boeing 737-8AS","callsign":"EI-ESV"}
{"ts":1644168350070,"raw":"8F471F7E235DA6B6C34C607466F3","type":"ADSB_AircraftIdentification","icaoId":"471f7e","aircraft":"Airbus A320-232","callsign":"HA-LYC"}
{"ts":1644168350198,"raw":"8D507C4258470519146D27F1114A","type":"ADSB_AirbornePositionBaro","icaoId":"507c42","aircraft":"Airbus A320-214","callsign":"UK-32019"}
{"ts":1644168350202,"raw":"8D507C42EA34D858011C0861FFD1","type":"ADSB_TargetState","icaoId":"507c42","aircraft":"Airbus A320-214","callsign":"UK-32019"}
{"ts":1644168350264,"raw":"8D507C429908C21BF0A0941662D1","type":"ADSB_AirborneVelocity","icaoId":"507c42","aircraft":"Airbus A320-214","callsign":"UK-32019"}
{"ts":1644168350523,"raw":"8F471F7E58114199AC6BF721809F","type":"ADSB_AirbornePositionBaro","icaoId":"471f7e","aircraft":"Airbus A320-232","callsign":"HA-LYC"}
{"ts":1644168350590,"raw":"8D4CA97C586D3169F2558CBFAA22","type":"ADSB_AirbornePositionBaro","icaoId":"4ca97c","aircraft":"Boeing 737-8AS","callsign":"EI-ESV"}
{"ts":1644168350591,"raw":"8D4CA97C990D6C8DB0A09C6757B8","type":"ADSB_AirborneVelocity","icaoId":"4ca97c","aircraft":"Boeing 737-8AS","callsign":"EI-ESV"}
{"ts":1644168350789,"raw":"8D507C42584711A8CC99AA90D399","type":"ADSB_AirbornePositionBaro","icaoId":"507c42","aircraft":"Airbus A320-214","callsign":"UK-32019"}
{"ts":1644168350920,"raw":"8F471F7EEA05F840011C08E4AA42","type":"ADSB_TargetState","icaoId":"471f7e","aircraft":"Airbus A320-232","callsign":"HA-LYC"}
{"ts":1644168350923,"raw":"8F471F7E5811550A4E40AE41BDFE","type":"ADSB_AirbornePositionBaro","icaoId":"471f7e","aircraft":"Airbus A320-232","callsign":"HA-LYC"}
{"ts":1644168351051,"raw":"8F471F7E990C828170C484215D54","type":"ADSB_AirborneVelocity","icaoId":"471f7e","aircraft":"Airbus A320-232","callsign":"HA-LYC"}
{"ts":1644168351180,"raw":"8D4CA97C586D44DB542ACBCD971C","type":"ADSB_AirbornePositionBaro","icaoId":"4ca97c","aircraft":"Boeing 737-8AS","callsign":"EI-ESV"}
{"ts":1644168351311,"raw":"8D507C429908C21BF09C9480A4D8","type":"ADSB_AirborneVelocity","icaoId":"507c42","aircraft":"Airbus A320-214","callsign":"UK-32019"}
{"ts":1644168351709,"raw":"8D4CA97C586D54DB482AB77B66B2","type":"ADSB_AirbornePositionBaro","icaoId":"4ca97c","aircraft":"Boeing 737-8AS","callsign":"EI-ESV"}
{"ts":1644168351835,"raw":"8F471F7E58116199A86BE6889C8A","type":"ADSB_AirbornePositionBaro","icaoId":"471f7e","aircraft":"Airbus A320-232","callsign":"HA-LYC"}
{"ts":1644168351837,"raw":"8D507C42584731A8FA99BE459308","type":"ADSB_AirbornePositionBaro","icaoId":"507c42","aircraft":"Airbus A320-214","callsign":"UK-32019"}
{"ts":1644168351966,"raw":"8F471F7EE11BB800000000C16676","type":"ADSB_AircraftStatus","icaoId":"471f7e","aircraft":"Airbus A320-232","callsign":"HA-LYC"}
{"ts":1644168352036,"raw":"8F471F7E990C828170B884CB134F","type":"ADSB_AirborneVelocity","icaoId":"471f7e","aircraft":"Airbus A320-232","callsign":"HA-LYC"}
{"ts":1644168352228,"raw":"8F471F7EEA05F840011C08E4AA42","type":"ADSB_TargetState","icaoId":"471f7e","aircraft":"Airbus A320-232","callsign":"HA-LYC"}
{"ts":1644168352232,"raw":"8D4CA97CEA32E866C31C08782250","type":"ADSB_TargetState","icaoId":"4ca97c","aircraft":"Boeing 737-8AS","callsign":"EI-ESV"}
{"ts":1644168352293,"raw":"8F471F7E5811750A4C409E3A6DD4","type":"ADSB_AirbornePositionBaro","icaoId":"471f7e","aircraft":"Airbus A320-232","callsign":"HA-LYC"}
{"ts":1644168352294,"raw":"8D4CA97C990D6C8DB0A49C5F61B8","type":"ADSB_AirborneVelocity","icaoId":"4ca97c","aircraft":"Boeing 737-8AS","callsign":"EI-ESV"}
{"ts":1644168352297,"raw":"8D507C4258474519706D4FC94509","type":"ADSB_AirbornePositionBaro","icaoId":"507c42","aircraft":"Airbus A320-214","callsign":"UK-32019"}
{"ts":1644168352494,"raw":"8F471F7E990C828170B4857CBD46","type":"ADSB_AirborneVelocity","icaoId":"471f7e","aircraft":"Airbus A320-232","callsign":"HA-LYC"}
{"ts":1644168352621,"raw":"8D4CA97C586D7169C65543295577","type":"ADSB_AirbornePositionBaro","icaoId":"4ca97c","aircraft":"Boeing 737-8AS","callsign":"EI-ESV"}
{"ts":1644168352625,"raw":"8D507C42E11BBC00000000CA0704","type":"ADSB_AircraftStatus","icaoId":"507c42","aircraft":"Airbus A320-214","callsign":"UK-32019"}
{"ts":1644168352817,"raw":"8F471F7E5811850A4A409700C59E","type":"ADSB_AirbornePositionBaro","icaoId":"471f7e","aircraft":"Airbus A320-232","callsign":"HA-LYC"}
{"ts":1644168352821,"raw":"8D507C42EA34D858011C0861FFD1","type":"ADSB_TargetState","icaoId":"507c42","aircraft":"Airbus A320-214","callsign":"UK-32019"}
{"ts":1644168352829,"raw":"8D4CA97C990D6C8DB0A89DE8CFB1","type":"ADSB_AirborneVelocity","icaoId":"4ca97c","aircraft":"Boeing 737-8AS","callsign":"EI-ESV"}
{"ts":1644168352830,"raw":"8D507C429908C31BF09C9483AE16","type":"ADSB_AirborneVelocity","icaoId":"507c42","aircraft":"Airbus A320-214","callsign":"UK-32019"}
{"ts":1644168352949,"raw":"8F471F7E990C828150B084FE0366","type":"ADSB_AirborneVelocity","icaoId":"471f7e","aircraft":"Airbus A320-232","callsign":"HA-LYC"}
{"ts":1644168353151,"raw":"8D507C42F8230003004878DFE0A2","type":"ADSB_AircraftOperationStatus","icaoId":"507c42","aircraft":"Airbus A320-214","callsign":"UK-32019"}
{"ts":1644168353279,"raw":"8F471F7E58119199A66BD3DDFFFA","type":"ADSB_AirbornePositionBaro","icaoId":"471f7e","aircraft":"Airbus A320-232","callsign":"HA-LYC"}
{"ts":1644168353341,"raw":"8D4CA97C990D6C8DB0A89C173BB8","type":"ADSB_AirborneVelocity","icaoId":"4ca97c","aircraft":"Boeing 737-8AS","callsign":"EI-ESV"}
{"ts":1644168353346,"raw":"8D507C429908C31BF09C937C7E32","type":"ADSB_AirborneVelocity","icaoId":"507c42","aircraft":"Airbus A320-214","callsign":"UK-32019"}
{"ts":1644168353346,"raw":"8D507C42584765199E6D63CE4E7B","type":"ADSB_AirbornePositionBaro","icaoId":"507c42","aircraft":"Airbus A320-214","callsign":"UK-32019"}
{"ts":1644168353412,"raw":"8F471F7EEA05F840011C08E4AA42","type":"ADSB_TargetState","icaoId":"471f7e","aircraft":"Airbus A320-232","callsign":"HA-LYC"}
{"ts":1644168353541,"raw":"8D4CA97CEA32E866C31C08782250","type":"ADSB_TargetState","icaoId":"4ca97c","aircraft":"Boeing 737-8AS","callsign":"EI-ESV"}
{"ts":1644168353739,"raw":"8F471F7E5811A50A48408B7A9C5E","type":"ADSB_AirbornePositionBaro","icaoId":"471f7e","aircraft":"Airbus A320-232","callsign":"HA-LYC"}
{"ts":1644168353870,"raw":"8F471F7E990C828150A8866EAB7D","type":"ADSB_AirborneVelocity","icaoId":"471f7e","aircraft":"Airbus A320-232","callsign":"HA-LYC"}
{"ts":1644168353932,"raw":"8D4CA97C990D6C8DB0A89BE8EB9C","type":"ADSB_AirborneVelocity","icaoId":"4ca97c","aircraft":"Boeing 737-8AS","callsign":"EI-ESV"}
{"ts":1644168353934,"raw":"8D507C429908C31BF09C9483AE16","type":"ADSB_AirborneVelocity","icaoId":"507c42","aircraft":"Airbus A320-214","callsign":"UK-32019"}
{"ts":1644168353936,"raw":"8D507C42584761A95899E7D446E0","type":"ADSB_AirbornePositionBaro","icaoId":"507c42","aircraft":"Airbus A320-214","callsign":"UK-32019"}
{"ts":1644168354001,"raw":"8D507C42EA34D858011C0861FFD1","type":"ADSB_TargetState","icaoId":"507c42","aircraft":"Airbus A320-214","callsign":"UK-32019"}
{"ts":1644168354069,"raw":"8D507C422355A0B3DF3CA089DC11","type":"ADSB_AircraftIdentification","icaoId":"507c42","aircraft":"Airbus A320-214","callsign":"UK-32019"}
{"ts":1644168354130,"raw":"8D4CA97C586D94DB162A642D2C9D","type":"ADSB_AirbornePositionBaro","icaoId":"4ca97c","aircraft":"Boeing 737-8AS","callsign":"EI-ESV"}
{"ts":1644168354195,"raw":"8F471F7E5811B50A484086B58CED","type":"ADSB_AirbornePositionBaro","icaoId":"471f7e","aircraft":"Airbus A320-232","callsign":"HA-LYC"}
{"ts":1644168354456,"raw":"8D507C429908C31C109C938A0C5D","type":"ADSB_AirborneVelocity","icaoId":"507c42","aircraft":"Airbus A320-214","callsign":"UK-32019"}
{"ts":1644168354718,"raw":"8F471F7E5811C199A46BC134B4DB","type":"ADSB_AirbornePositionBaro","icaoId":"471f7e","aircraft":"Airbus A320-232","callsign":"HA-LYC"}
{"ts":1644168354721,"raw":"8D4CA97CF823000600487831E219","type":"ADSB_AircraftOperationStatus","icaoId":"4ca97c","aircraft":"Boeing 737-8AS","callsign":"EI-ESV"}
{"ts":1644168354785,"raw":"8D4CA97C990D6C8DB0A89DE8CFB1","type":"ADSB_AirborneVelocity","icaoId":"4ca97c","aircraft":"Boeing 737-8AS","callsign":"EI-ESV"}
{"ts":1644168354852,"raw":"8F471F7E990C828150A085E12F6F","type":"ADSB_AirborneVelocity","icaoId":"471f7e","aircraft":"Airbus A320-232","callsign":"HA-LYC"}
{"ts":1644168354982,"raw":"8D507C4258478519E86D82D3BEC6","type":"ADSB_AirbornePositionBaro","icaoId":"507c42","aircraft":"Airbus A320-214","callsign":"UK-32019"}
{"ts":1644168354985,"raw":"8F471F7E235DA6B6C34C607466F3","type":"ADSB_AircraftIdentification","icaoId":"471f7e","aircraft":"Airbus A320-232","callsign":"HA-LYC"}
{"ts":1644168355115,"raw":"8D4CA97C586DB1699054E9E296BD","type":"ADSB_AirbornePositionBaro","icaoId":"4ca97c","aircraft":"Boeing 737-8AS","callsign":"EI-ESV"}
{"ts":1644168355244,"raw":"8F471F7E5811D50A46407851CDAA","type":"ADSB_AirbornePositionBaro","icaoId":"471f7e","aircraft":"Airbus A320-232","callsign":"HA-LYC"}
{"ts":1644168355247,"raw":"8D4CA97C990D6C8DB0A49C5F61B8","type":"ADSB_AirborneVelocity","icaoId":"4ca97c","aircraft":"Boeing 737-8AS","callsign":"EI-ESV"}
{"ts":1644168355312,"raw":"8F471F7EF8230002004878F357BB","type":"ADSB_AircraftOperationStatus","icaoId":"471f7e","aircraft":"Airbus A320-232","callsign":"HA-LYC"}
{"ts":1644168355439,"raw":"8D507C429908C31C109C938A0C5D","type":"ADSB_AirborneVelocity","icaoId":"507c42","aircraft":"Airbus A320-214","callsign":"UK-32019"}
{"ts":1644168355505,"raw":"8D507C4258479519FC6D8BF68357","type":"ADSB_AirbornePositionBaro","icaoId":"507c42","aircraft":"Airbus A320-214","callsign":"UK-32019"}
{"ts":1644168355701,"raw":"8D4CA97C586DC4DAF42A2D36E1FF","type":"ADSB_AirbornePositionBaro","icaoId":"4ca97c","aircraft":"Boeing 737-8AS","callsign":"EI-ESV"}
{"ts":1644168355702,"raw":"8D507C42F8230003004878DFE0A2","type":"ADSB_AircraftOperationStatus","icaoId":"507c42","aircraft":"Airbus A320-214","callsign":"UK-32019"}
{"ts":1644168355703,"raw":"8D4CA97C990D6C8DB0A49DA095B1","type":"ADSB_AirborneVelocity","icaoId":"4ca97c","aircraft":"Boeing 737-8AS","callsign":"EI-ESV"}
{"ts":1644168355833,"raw":"8F471F7E5811E199A26BB2845E87","type":"ADSB_AirbornePositionBaro","icaoId":"471f7e","aircraft":"Airbus A320-232","callsign":"HA-LYC"}
{"ts":1644168355837,"raw":"8F471F7E990C83815098854CD5A8","type":"ADSB_AirborneVelocity","icaoId":"471f7e","aircraft":"Airbus A320-232","callsign":"HA-LYC"}
{"ts":1644168355900,"raw":"8F471F7EEA214840011C0840CAE8","type":"ADSB_TargetState","icaoId":"471f7e","aircraft":"Airbus A320-232","callsign":"HA-LYC"}
{"ts":1644168355963,"raw":"8D507C429908C31C1098944DEA79","type":"ADSB_AirborneVelocity","icaoId":"507c42","aircraft":"Airbus A320-214","callsign":"UK-32019"}
{"ts":1644168355966,"raw":"8D4CA97CEA32E866C31C08782250","type":"ADSB_TargetState","icaoId":"4ca97c","aircraft":"Boeing 737-8AS","callsign":"EI-ESV"}
{"ts":1644168356094,"raw":"8D507C425847A1A9B89A10A184D3","type":"ADSB_AirbornePositionBaro","icaoId":"507c42","aircraft":"Airbus A320-214","callsign":"UK-32019"}
{"ts":1644168356099,"raw":"8D4CA97C586DD1697A54C4EF8B42","type":"ADSB_AirbornePositionBaro","icaoId":"4ca97c","aircraft":"Boeing 737-8AS","callsign":"EI-ESV"}
{"ts":1644168356231,"raw":"8D4CA97C990D6C8DB0A09C6757B8","type":"ADSB_AirborneVelocity","icaoId":"4ca97c","aircraft":"Boeing 737-8AS","callsign":"EI-ESV"}
{"ts":1644168356292,"raw":"8F471F7E990C84815094850DBBC2","type":"ADSB_AirborneVelocity","icaoId":"471f7e","aircraft":"Airbus A320-232","callsign":"HA-LYC"}
{"ts":1644168356421,"raw":"8D507C429908C31C109893B23A5D","type":"ADSB_AirborneVelocity","icaoId":"507c42","aircraft":"Airbus A320-214","callsign":"UK-32019"}
{"ts":1644168356493,"raw":"8D507C425847A1A9CC9A197B91D9","type":"ADSB_AirbornePositionBaro","icaoId":"507c42","aircraft":"Airbus A320-214","callsign":"UK-32019"}
{"ts":1644168356687,"raw":"8D4CA97C990D6C8DB0A09D98A3B1","type":"ADSB_AirborneVelocity","icaoId":"4ca97c","aircraft":"Boeing 737-8AS","callsign":"EI-ESV"}
{"ts":1644168357011,"raw":"8F471F7EE11BB800000000C16676","type":"ADSB_AircraftStatus","icaoId":"471f7e","aircraft":"Airbus A320-232","callsign":"HA-LYC"}
{"ts":1644168357012,"raw":"8D507C425847B1A9E29A22B2A388","type":"ADSB_AirbornePositionBaro","icaoId":"507c42","aircraft":"Airbus A320-214","callsign":"UK-32019"}
{"ts":1644168357083,"raw":"8F471F7EEA32E840011C08165F76","type":"ADSB_TargetState","icaoId":"471f7e","aircraft":"Airbus A320-232","callsign":"HA-LYC"}
{"ts":1644168357214,"raw":"8D4CA97CEA32E866C31C08782250","type":"ADSB_TargetState","icaoId":"4ca97c","aircraft":"Boeing 737-8AS","callsign":"EI-ESV"}
{"ts":1644168357215,"raw":"8F471F7E990C84815094850DBBC2","type":"ADSB_AirborneVelocity","icaoId":"471f7e","aircraft":"Airbus A320-232","callsign":"HA-LYC"}
{"ts":1644168357279,"raw":"8D4CA97CF823000600487831E219","type":"ADSB_AircraftOperationStatus","icaoId":"4ca97c","aircraft":"Boeing 737-8AS","callsign":"EI-ESV"}
{"ts":1644168357472,"raw":"8D4CA97C586DF1695C5494E43495","type":"ADSB_AirbornePositionBaro","icaoId":"4ca97c","aircraft":"Boeing 737-8AS","callsign":"EI-ESV"}
{"ts":1644168357539,"raw":"8D507C42E11BBC00000000CA0704","type":"ADSB_AircraftStatus","icaoId":"507c42","aircraft":"Airbus A320-214","callsign":"UK-32019"}
{"ts":1644168357799,"raw":"8D507C42EA34D858011C0861FFD1","type":"ADSB_TargetState","icaoId":"507c42","aircraft":"Airbus A320-214","callsign":"UK-32019"}
{"ts":1644168357863,"raw":"8D4CA97C990D6C8DB0989B367795","type":"ADSB_AirborneVelocity","icaoId":"4ca97c","aircraft":"Boeing 737-8AS","callsign":"EI-ESV"}
{"ts":1644168357868,"raw":"8F471F7EF8230002004878F357BB","type":"ADSB_AircraftOperationStatus","icaoId":"471f7e","aircraft":"Airbus A320-232","callsign":"HA-LYC"}
{"ts":1644168357869,"raw":"8F471F7E581311999E6B9747F5B9","type":"ADSB_AirbornePositionBaro","icaoId":"471f7e","aircraft":"Airbus A320-232","callsign":"HA-LYC"}
{"ts":1644168357995,"raw":"8D507C429908C31C1098944DEA79","type":"ADSB_AirborneVelocity","icaoId":"507c42","aircraft":"Airbus A320-214","callsign":"UK-32019"}
{"ts":1644168358060,"raw":"8D4CA97C586F016950547FBB7673","type":"ADSB_AirbornePositionBaro","icaoId":"4ca97c","aircraft":"Boeing 737-8AS","callsign":"EI-ESV"}
{"ts":1644168358193,"raw":"8D507C42F8230003004878DFE0A2","type":"ADSB_AircraftOperationStatus","icaoId":"507c42","aircraft":"Airbus A320-214","callsign":"UK-32019"}
{"ts":1644168358257,"raw":"8F471F7E990C858150988546EB0C","type":"ADSB_AirborneVelocity","icaoId":"471f7e","aircraft":"Airbus A320-232","callsign":"HA-LYC"}
{"ts":1644168358262,"raw":"8F471F7E5813150A4040512EE95D","type":"ADSB_AirbornePositionBaro","icaoId":"471f7e","aircraft":"Airbus A320-232","callsign":"HA-LYC"}
{"ts":1644168358327,"raw":"8D4CA97C234994B82C6820FF9898","type":"ADSB_AircraftIdentification","icaoId":"4ca97c","aircraft":"Boeing 737-8AS","callsign":"EI-ESV"}
{"ts":1644168358458,"raw":"8D4CA97CEA32E866C31C08782250","type":"ADSB_TargetState","icaoId":"4ca97c","aircraft":"Boeing 737-8AS","callsign":"EI-ESV"}
{"ts":1644168358518,"raw":"8D507C429908C31C109893B23A5D","type":"ADSB_AirborneVelocity","icaoId":"507c42","aircraft":"Airbus A320-214","callsign":"UK-32019"}
{"ts":1644168358586,"raw":"8D4CA97C586F116944546C9EC74D","type":"ADSB_AirbornePositionBaro","icaoId":"4ca97c","aircraft":"Boeing 737-8AS","callsign":"EI-ESV"}
{"ts":1644168358716,"raw":"8F471F7E990C858150988546EB0C","type":"ADSB_AirborneVelocity","icaoId":"471f7e","aircraft":"Airbus A320-232","callsign":"HA-LYC"}
{"ts":1644168358719,"raw":"8D4CA97C990D6C8DB0909D463FB8","type":"ADSB_AirborneVelocity","icaoId":"4ca97c","aircraft":"Boeing 737-8AS","callsign":"EI-ESV"}
{"ts":1644168359048,"raw":"8D507C422355A0B3DF3CA089DC11","type":"ADSB_AircraftIdentification","icaoId":"507c42","aircraft":"Airbus A320-214","callsign":"UK-32019"}
{"ts":1644168359108,"raw":"8D507C42EA34D858011C0861FFD1","type":"ADSB_TargetState","icaoId":"507c42","aircraft":"Airbus A320-214","callsign":"UK-32019"}
{"ts":1644168359115,"raw":"8F471F7E990C86815094850BAE5E","type":"ADSB_AirborneVelocity","icaoId":"471f7e","aircraft":"Airbus A320-232","callsign":"HA-LYC"}
{"ts":1644168359175,"raw":"8D4CA97C586F21693854577AB81C","type":"ADSB_AirbornePositionBaro","icaoId":"4ca97c","aircraft":"Boeing 737-8AS","callsign":"EI-ESV"}
{"ts":1644168359176,"raw":"8D4CA97C990D6C8DB0909CB9CBB1","type":"ADSB_AirborneVelocity","icaoId":"4ca97c","aircraft":"Boeing 737-8AS","callsign":"EI-ESV"}
{"ts":1644168359310,"raw":"8F471F7E5813350A3E4044E0079F","type":"ADSB_AirbornePositionBaro","icaoId":"471f7e","aircraft":"Airbus A320-232","callsign":"HA-LYC"}
{"ts":1644168359698,"raw":"8D4CA97C990D6C8DB08C9DEEBDB8","type":"ADSB_AirborneVelocity","icaoId":"4ca97c","aircraft":"Boeing 737-8AS","callsign":"EI-ESV"}
{"ts":1644168359699,"raw":"8D4CA97CEA32E866C31C08782250","type":"ADSB_TargetState","icaoId":"4ca97c","aircraft":"Boeing 737-8AS","callsign":"EI-ESV"}
{"ts":1644168359703,"raw":"8D507C425849051AB86DDCE98942","type":"ADSB_AirbornePositionBaro","icaoId":"507c42","aircraft":"Airbus A320-214","callsign":"UK-32019"}
{"ts":1644168359833,"raw":"8D4CA97CF823000600487831E219","type":"ADSB_AircraftOperationStatus","icaoId":"4ca97c","aircraft":"Boeing 737-8AS","callsign":"EI-ESV"}
{"ts":1644168359898,"raw":"8F471F7E5813450A3E403C71935B","type":"ADSB_AirbornePositionBaro","icaoId":"471f7e","aircraft":"Airbus A320-232","callsign":"HA-LYC"}
{"ts":1644168360092,"raw":"8F471F7E235DA6B6C34C607466F3","type":"ADSB_AircraftIdentification","icaoId":"471f7e","aircraft":"Airbus A320-232","callsign":"HA-LYC"}
{"ts":1644168360158,"raw":"8D507C425849051ACC6DE4CD4929","type":"ADSB_AirbornePositionBaro","icaoId":"507c42","aircraft":"Airbus A320-214","callsign":"UK-32019"}
{"ts":1644168360223,"raw":"8D4CA97C586F3169205431FB9419","type":"ADSB_AirbornePositionBaro","icaoId":"4ca97c","aircraft":"Boeing 737-8AS","callsign":"EI-ESV"}
{"ts":1644168360225,"raw":"8D507C429908C31C109895B21E70","type":"ADSB_AirborneVelocity","icaoId":"507c42","aircraft":"Airbus A320-214","callsign":"UK-32019"}
{"ts":1644168360229,"raw":"8F471F7E990C868150908533985E","type":"ADSB_AirborneVelocity","icaoId":"471f7e","aircraft":"Airbus A320-232","callsign":"HA-LYC"}
{"ts":1644168360292,"raw":"8F471F7E58134199986B779C574F","type":"ADSB_AirbornePositionBaro","icaoId":"471f7e","aircraft":"Airbus A320-232","callsign":"HA-LYC"}
{"ts":1644168360617,"raw":"8D507C42F8230003004878DFE0A2","type":"ADSB_AircraftOperationStatus","icaoId":"507c42","aircraft":"Airbus A320-214","callsign":"UK-32019"}
{"ts":1644168360619,"raw":"8D507C425849151AE06DECE11A80","type":"ADSB_AirbornePositionBaro","icaoId":"507c42","aircraft":"Airbus A320-214","callsign":"UK-32019"}
{"ts":1644168360750,"raw":"8D4CA97C990D6C8DB0889DD68BB8","type":"ADSB_AirborneVelocity","icaoId":"4ca97c","aircraft":"Boeing 737-8AS","callsign":"EI-ESV"}
{"ts":1644168360814,"raw":"8F471F7E998C8681508C86F53533","type":"ADSB_AirborneVelocity","icaoId":"471f7e","aircraft":"Airbus A320-232","callsign":"HA-LYC"}
{"ts":1644168360945,"raw":"8D4CA97CEA32E866C31C08782250","type":"ADSB_TargetState","icaoId":"4ca97c","aircraft":"Boeing 737-8AS","callsign":"EI-ESV"}
{"ts":1644168361079,"raw":"8D507C42584921AA9A9A716C5A9E","type":"ADSB_AirbornePositionBaro","icaoId":"507c42","aircraft":"Airbus A320-214","callsign":"UK-32019"}
{"ts":1644168361206,"raw":"8D4CA97C586F41690A540EA6253A","type":"ADSB_AirbornePositionBaro","icaoId":"4ca97c","aircraft":"Boeing 737-8AS","callsign":"EI-ESV"}
{"ts":1644168361271,"raw":"8D471F7E5813650A3C402B44B015","type":"ADSB_AirbornePositionBaro","icaoId":"471f7e","aircraft":"Airbus A320-232","callsign":"HA-LYC"}
{"ts":1644168361337,"raw":"8D507C429908C31C109493FA605D","type":"ADSB_AirborneVelocity","icaoId":"507c42","aircraft":"Airbus A320-214","callsign":"UK-32019"}
{"ts":1644168361343,"raw":"8D471F7E998C878150888581031F","type":"ADSB_AirborneVelocity","icaoId":"471f7e","aircraft":"Airbus A320-232","callsign":"HA-LYC"}
{"ts":1644168361666,"raw":"8D507C42584931AAB49A7D5B9983","type":"ADSB_AirbornePositionBaro","icaoId":"507c42","aircraft":"Airbus A320-214","callsign":"UK-32019"}
{"ts":1644168361670,"raw":"8D4CA97C586F51690053FB33CB27","type":"ADSB_AirbornePositionBaro","icaoId":"4ca97c","aircraft":"Boeing 737-8AS","callsign":"EI-ESV"}
{"ts":1644168361867,"raw":"8D507C429908C31C10949405B079","type":"ADSB_AirborneVelocity","icaoId":"507c42","aircraft":"Airbus A320-214","callsign":"UK-32019"}
{"ts":1644168361928,"raw":"8D471F7EE11BB800000000718486","type":"ADSB_AircraftStatus","icaoId":"471f7e","aircraft":"Airbus A320-232","callsign":"HA-LYC"}
{"ts":1644168362190,"raw":"8D4CA97CEA38B866C31C08C965A9","type":"ADSB_TargetState","icaoId":"4ca97c","aircraft":"Boeing 737-8AS","callsign":"EI-ESV"}
{"ts":1644168362257,"raw":"8D4CA97C586F6168F453E786FE14","type":"ADSB_AirbornePositionBaro","icaoId":"4ca97c","aircraft":"Boeing 737-8AS","callsign":"EI-ESV"}
{"ts":1644168362384,"raw":"8D471F7E998C8881508485D83B05","type":"ADSB_AirborneVelocity","icaoId":"471f7e","aircraft":"Airbus A320-232","callsign":"HA-LYC"}
{"ts":1644168362386,"raw":"8D507C429908C31C109493FA605D","type":"ADSB_AirborneVelocity","icaoId":"507c42","aircraft":"Airbus A320-214","callsign":"UK-32019"}
{"ts":1644168362654,"raw":"8D507C42E11BBC00000000CA0704","type":"ADSB_AircraftStatus","icaoId":"507c42","aircraft":"Airbus A320-214","callsign":"UK-32019"}
{"ts":1644168362714,"raw":"8D507C42584941AAE29A91B696AD","type":"ADSB_AirbornePositionBaro","icaoId":"507c42","aircraft":"Airbus A320-214","callsign":"UK-32019"}
{"ts":1644168362716,"raw":"8D4CA97C990D6D8DB0849D9DDB76","type":"ADSB_AirborneVelocity","icaoId":"4ca97c","aircraft":"Boeing 737-8AS","callsign":"EI-ESV"}
{"ts":1644168362780,"raw":"8D4CA97C586F7168E853D533D89B","type":"ADSB_AirbornePositionBaro","icaoId":"4ca97c","aircraft":"Boeing 737-8AS","callsign":"EI-ESV"}
{"ts":1644168362844,"raw":"8D471F7E998C888150848627D317","type":"ADSB_AirborneVelocity","icaoId":"471f7e","aircraft":"Airbus A320-232","callsign":"HA-LYC"}
{"ts":1644168362845,"raw":"8D507C42EA34D858011C0861FFD1","type":"ADSB_TargetState","icaoId":"507c42","aircraft":"Airbus A320-214","callsign":"UK-32019"}
{"ts":1644168362846,"raw":"8D507C429908C31C10949405B079","type":"ADSB_AirborneVelocity","icaoId":"507c42","aircraft":"Airbus A320-214","callsign":"UK-32019"}
{"ts":1644168362980,"raw":"8D471F7E5813850A384014541978","type":"ADSB_AirbornePositionBaro","icaoId":"471f7e","aircraft":"Airbus A320-232","callsign":"HA-LYC"}
{"ts":1644168363243,"raw":"8D507C429908C31C109095C27270","type":"ADSB_AirborneVelocity","icaoId":"507c42","aircraft":"Airbus A320-214","callsign":"UK-32019"}
{"ts":1644168363302,"raw":"8D507C42584951AAFC9A9CE69980","type":"ADSB_AirbornePositionBaro","icaoId":"507c42","aircraft":"Airbus A320-214","callsign":"UK-32019"}
{"ts":1644168363303,"raw":"8D4CA97C990D6D8DD0849CADAB04","type":"ADSB_AirborneVelocity","icaoId":"4ca97c","aircraft":"Boeing 737-8AS","callsign":"EI-ESV"}
{"ts":1644168363304,"raw":"8D4CA97C586F74DA5029218248A1","type":"ADSB_AirbornePositionBaro","icaoId":"4ca97c","aircraft":"Boeing 737-8AS","callsign":"EI-ESV"}
{"ts":1644168363438,"raw":"8D4CA97C234994B82C6820FF9898","type":"ADSB_AircraftIdentification","icaoId":"4ca97c","aircraft":"Boeing 737-8AS","callsign":"EI-ESV"}
{"ts":1644168363500,"raw":"8D4CA97CEA428866C31C0865661A","type":"ADSB_TargetState","icaoId":"4ca97c","aircraft":"Boeing 737-8AS","callsign":"EI-ESV"}
{"ts":1644168363567,"raw":"8D471F7E5813950A38400C64252C","type":"ADSB_AirbornePositionBaro","icaoId":"471f7e","aircraft":"Airbus A320-232","callsign":"HA-LYC"}
{"ts":1644168363762,"raw":"8D471F7E998C89815080861CEFD9","type":"ADSB_AirborneVelocity","icaoId":"471f7e","aircraft":"Airbus A320-232","callsign":"HA-LYC"}
{"ts":1644168363764,"raw":"8D507C42584961AB129AA6FA07B4","type":"ADSB_AirbornePositionBaro","icaoId":"507c42","aircraft":"Airbus A320-214","callsign":"UK-32019"}
{"ts":1644168363769,"raw":"8D507C429908C31C1090943D8679","type":"ADSB_AirborneVelocity","icaoId":"507c42","aircraft":"Airbus A320-214","callsign":"UK-32019"}
{"ts":1644168363827,"raw":"8D4CA97C990D6D8DD0849D525F0D","type":"ADSB_AirborneVelocity","icaoId":"4ca97c","aircraft":"Boeing 737-8AS","callsign":"EI-ESV"}
{"ts":1644168363829,"raw":"8D4CA97C586F8168D253AECA05F7","type":"ADSB_AirbornePositionBaro","icaoId":"4ca97c","aircraft":"Boeing 737-8AS","callsign":"EI-ESV"}
{"ts":1644168364160,"raw":"8D471F7E998C8A81507C85F546A6","type":"ADSB_AirborneVelocity","icaoId":"471f7e","aircraft":"Airbus A320-232","callsign":"HA-LYC"}
{"ts":1644168364163,"raw":"8D507C42584961AB269AAE551EE5","type":"ADSB_AirbornePositionBaro","icaoId":"507c42","aircraft":"Airbus A320-214","callsign":"UK-32019"}
{"ts":1644168364351,"raw":"8D4CA97C586F94DA3A28FDEB9FBB","type":"ADSB_AirbornePositionBaro","icaoId":"4ca97c","aircraft":"Boeing 737-8AS","callsign":"EI-ESV"}
{"ts":1644168364358,"raw":"8D4CA97C990D6D8DD0889CE5F104","type":"ADSB_AirborneVelocity","icaoId":"4ca97c","aircraft":"Boeing 737-8AS","callsign":"EI-ESV"}
{"ts":1644168364618,"raw":"8D471F7EEA32E840011C08A6BD86","type":"ADSB_TargetState","icaoId":"471f7e","aircraft":"Airbus A320-232","callsign":"HA-LYC"}
{"ts":1644168364682,"raw":"8D507C42584971AB3C9AB7329822","type":"ADSB_AirbornePositionBaro","icaoId":"507c42","aircraft":"Airbus A320-214","callsign":"UK-32019"}
{"ts":1644168364752,"raw":"8D4CA97CEA447866C31C08B27BC4","type":"ADSB_TargetState","icaoId":"4ca97c","aircraft":"Boeing 737-8AS","callsign":"EI-ESV"}
{"ts":1644168364880,"raw":"8D507C429908C31C30909478FA50","type":"ADSB_AirborneVelocity","icaoId":"507c42","aircraft":"Airbus A320-214","callsign":"UK-32019"}
{"ts":1644168364943,"raw":"8D4CA97C990D6D8DD08C9CDDC704","type":"ADSB_AirborneVelocity","icaoId":"4ca97c","aircraft":"Boeing 737-8AS","callsign":"EI-ESV"}
{"ts":1644168365144,"raw":"8D471F7E998C8B81307C8539C813","type":"ADSB_AirborneVelocity","icaoId":"471f7e","aircraft":"Airbus A320-232","callsign":"HA-LYC"}
{"ts":1644168365209,"raw":"8D507C42584981AB549AC28705CF","type":"ADSB_AirbornePositionBaro","icaoId":"507c42","aircraft":"Airbus A320-214","callsign":"UK-32019"}
{"ts":1644168365273,"raw":"8D471F7EF823000200487843B54B","type":"ADSB_AircraftOperationStatus","icaoId":"471f7e","aircraft":"Airbus A320-232","callsign":"HA-LYC"}
{"ts":1644168365275,"raw":"8D507C429908C31C308C952F8C59","type":"ADSB_AirborneVelocity","icaoId":"507c42","aircraft":"Airbus A320-214","callsign":"UK-32019"}
{"ts":1644168365339,"raw":"8D507C42EA34D858011C0861FFD1","type":"ADSB_TargetState","icaoId":"507c42","aircraft":"Airbus A320-214","callsign":"UK-32019"}
{"ts":1644168365405,"raw":"8D4CA97C586FA168AE5374E4665F","type":"ADSB_AirbornePositionBaro","icaoId":"4ca97c","aircraft":"Boeing 737-8AS","callsign":"EI-ESV"}
{"ts":1644168365531,"raw":"8D4CA97C990D6D8DD08C9D22330D","type":"ADSB_AirborneVelocity","icaoId":"4ca97c","aircraft":"Boeing 737-8AS","callsign":"EI-ESV"}
{"ts":1644168365537,"raw":"8D507C42F8230003004878DFE0A2","type":"ADSB_AircraftOperationStatus","icaoId":"507c42","aircraft":"Airbus A320-214","callsign":"UK-32019"}
{"ts":1644168365602,"raw":"8D471F7E5813B50A343FF0A13BE9","type":"ADSB_AirbornePositionBaro","icaoId":"471f7e","aircraft":"Airbus A320-232","callsign":"HA-LYC"}
{"ts":1644168365799,"raw":"8D507C42584991AB709ACEC5CC58","type":"ADSB_AirbornePositionBaro","icaoId":"507c42","aircraft":"Airbus A320-214","callsign":"UK-32019"}
{"ts":1644168365925,"raw":"8D4CA97C586FB168A453635EF0C9","type":"ADSB_AirbornePositionBaro","icaoId":"4ca97c","aircraft":"Boeing 737-8AS","callsign":"EI-ESV"}
{"ts":1644168365990,"raw":"8D4CA97C990D6D8DD0909C754504","type":"ADSB_AirborneVelocity","icaoId":"4ca97c","aircraft":"Boeing 737-8AS","callsign":"EI-ESV"}
{"ts":1644168366188,"raw":"8D471F7E5813C50A343FE832EDFD","type":"ADSB_AirbornePositionBaro","icaoId":"471f7e","aircraft":"Airbus A320-232","callsign":"HA-LYC"}
{"ts":1644168366257,"raw":"8D507C425849951BDC6E5865B6F1","type":"ADSB_AirbornePositionBaro","icaoId":"507c42","aircraft":"Airbus A320-214","callsign":"UK-32019"}
{"ts":1644168366317,"raw":"8D507C429908C31C308C952F8C59","type":"ADSB_AirborneVelocity","icaoId":"507c42","aircraft":"Airbus A320-214","callsign":"UK-32019"}
{"ts":1644168366383,"raw":"8D4CA97C586FC4DA0E28B5B51AEA","type":"ADSB_AirbornePositionBaro","icaoId":"4ca97c","aircraft":"Boeing 737-8AS","callsign":"EI-ESV"}
{"ts":1644168366580,"raw":"8D4CA97C990D6D8DD0949DB2870D","type":"ADSB_AirborneVelocity","icaoId":"4ca97c","aircraft":"Boeing 737-8AS","callsign":"EI-ESV"}
{"ts":1644168366647,"raw":"8D507C42EA34D858011C0861FFD1","type":"ADSB_TargetState","icaoId":"507c42","aircraft":"Airbus A320-214","callsign":"UK-32019"}
{"ts":1644168366712,"raw":"8D471F7E998C8D81307886F428A5","type":"ADSB_AirborneVelocity","icaoId":"471f7e","aircraft":"Airbus A320-232","callsign":"HA-LYC"}
{"ts":1644168366716,"raw":"8D507C425849A1AB989ADF200F77","type":"ADSB_AirbornePositionBaro","icaoId":"507c42","aircraft":"Airbus A320-214","callsign":"UK-32019"}
{"ts":1644168366778,"raw":"8D507C429908C31C308894E84E50","type":"ADSB_AirborneVelocity","icaoId":"507c42","aircraft":"Airbus A320-214","callsign":"UK-32019"}
{"ts":1644168366845,"raw":"8D4CA97C586FC1688E5341FC1D61","type":"ADSB_AirbornePositionBaro","icaoId":"4ca97c","aircraft":"Boeing 737-8AS","callsign":"EI-ESV"}
{"ts":1644168366847,"raw":"8D471F7EE11BB800000000718486","type":"ADSB_AircraftStatus","icaoId":"471f7e","aircraft":"Airbus A320-232","callsign":"HA-LYC"}
{"ts":1644168367040,"raw":"8D4CA97C990D6E8DD0989C003656","type":"ADSB_AirborneVelocity","icaoId":"4ca97c","aircraft":"Boeing 737-8AS","callsign":"EI-ESV"}
{"ts":1644168367234,"raw":"8D507C425849B1ABAE9AE85A9364","type":"ADSB_AirbornePositionBaro","icaoId":"507c42","aircraft":"Airbus A320-214","callsign":"UK-32019"}
{"ts":1644168367235,"raw":"8D507C429908C31C30889517BA59","type":"ADSB_AirborneVelocity","icaoId":"507c42","aircraft":"Airbus A320-214","callsign":"UK-32019"}
{"ts":1644168367435,"raw":"8D4CA97C586FD4D9F8288F2CC1A0","type":"ADSB_AirbornePositionBaro","icaoId":"4ca97c","aircraft":"Boeing 737-8AS","callsign":"EI-ESV"}
{"ts":1644168367438,"raw":"8D4CA97CF823000600487831E219","type":"ADSB_AircraftOperationStatus","icaoId":"4ca97c","aircraft":"Boeing 737-8AS","callsign":"EI-ESV"}
{"ts":1644168367568,"raw":"8D471F7E998C8E81307C8536E9E5","type":"ADSB_AirborneVelocity","icaoId":"471f7e","aircraft":"Airbus A320-232","callsign":"HA-LYC"}
{"ts":1644168367763,"raw":"8D507C425849C1ABC89AF3D5D09F","type":"ADSB_AirbornePositionBaro","icaoId":"507c42","aircraft":"Airbus A320-214","callsign":"UK-32019"}
{"ts":1644168367764,"raw":"8D507C429908C41C308894E17A3A","type":"ADSB_AirborneVelocity","icaoId":"507c42","aircraft":"Airbus A320-214","callsign":"UK-32019"}
{"ts":1644168367826,"raw":"8D471F7EF823000200487843B54B","type":"ADSB_AircraftOperationStatus","icaoId":"471f7e","aircraft":"Airbus A320-232","callsign":"HA-LYC"}
{"ts":1644168367893,"raw":"8D507C42EA34D858011C0861FFD1","type":"ADSB_TargetState","icaoId":"507c42","aircraft":"Airbus A320-214","callsign":"UK-32019"}
{"ts":1644168367959,"raw":"8D4CA97C990D6E8DD0A09CAEC65F","type":"ADSB_AirborneVelocity","icaoId":"4ca97c","aircraft":"Boeing 737-8AS","callsign":"EI-ESV"}
{"ts":1644168367962,"raw":"8D4CA97C586FE4D9EC287C6D6D4E","type":"ADSB_AirbornePositionBaro","icaoId":"4ca97c","aircraft":"Boeing 737-8AS","callsign":"EI-ESV"}
{"ts":1644168368023,"raw":"8D507C42F8230003004878DFE0A2","type":"ADSB_AircraftOperationStatus","icaoId":"507c42","aircraft":"Airbus A320-214","callsign":"UK-32019"}
{"ts":1644168368026,"raw":"8C471F93F90026028348389A09D1","type":"ADSB_AircraftOperationStatus","icaoId":"471f93","aircraft":"","callsign":""}
{"ts":1644168368152,"raw":"8D4CA97CE10AB100000000EF9D5C","type":"ADSB_AircraftStatus","icaoId":"4ca97c","aircraft":"Boeing 737-8AS","callsign":"EI-ESV"}
{"ts":1644168368350,"raw":"8D507C429908C41C3088951E8E33","type":"ADSB_AirborneVelocity","icaoId":"507c42","aircraft":"Airbus A320-214","callsign":"UK-32019"}
{"ts":1644168368353,"raw":"8C471F933A6AF26BFDB69758C73E","type":"ADSB_SurfacePosition","icaoId":"471f93","aircraft":"","callsign":""}
{"ts":1644168368482,"raw":"8D4CA97C586FF1686C53066F9351","type":"ADSB_AirbornePositionBaro","icaoId":"4ca97c","aircraft":"Boeing 737-8AS","callsign":"EI-ESV"}
{"ts":1644168368485,"raw":"8D4CA97C234994B82C6820FF9898","type":"ADSB_AircraftIdentification","icaoId":"4ca97c","aircraft":"Boeing 737-8AS","callsign":"EI-ESV"}
{"ts":1644168368549,"raw":"8D471F7E5813F50A303FC8558869","type":"ADSB_AirbornePositionBaro","icaoId":"471f7e","aircraft":"Airbus A320-232","callsign":"HA-LYC"}
{"ts":1644168368617,"raw":"8D471F7E998C8F81307C86CA0B39","type":"ADSB_AirborneVelocity","icaoId":"471f7e","aircraft":"Airbus A320-232","callsign":"HA-LYC"}
{"ts":1644168368815,"raw":"8D507C429908C41C308894E17A3A","type":"ADSB_AirborneVelocity","icaoId":"507c42","aircraft":"Airbus A320-214","callsign":"UK-32019"}
{"ts":1644168368874,"raw":"8C471F933A6AF26BF9B6996FC27B","type":"ADSB_SurfacePosition","icaoId":"471f93","aircraft":"","callsign":""}
{"ts":1644168368942,"raw":"8D4CA97C990D6E8DD0A49C96F05F","type":"ADSB_AirborneVelocity","icaoId":"4ca97c","aircraft":"Boeing 737-8AS","callsign":"EI-ESV"}
{"ts":1644168369004,"raw":"8D4CA97C587104D9D6285962C290","type":"ADSB_AirbornePositionBaro","icaoId":"4ca97c","aircraft":"Boeing 737-8AS","callsign":"EI-ESV"}
{"ts":1644168369205,"raw":"8D507C425849E51C5E6E8F2F1B9B","type":"ADSB_AirbornePositionBaro","icaoId":"507c42","aircraft":"Airbus A320-214","callsign":"UK-32019"}
{"ts":1644168369467,"raw":"8D4CA97C587114D9CC2847FA9473","type":"ADSB_AirbornePositionBaro","icaoId":"4ca97c","aircraft":"Boeing 737-8AS","callsign":"EI-ESV"}
{"ts":1644168369532,"raw":"8D4CA97C998D6E8DD0A89DB09929","type":"ADSB_AirborneVelocity","icaoId":"4ca97c","aircraft":"Boeing 737-8AS","callsign":"EI-ESV"}
{"ts":1644168369600,"raw":"8D471F7EEA32E840011C08A6BD86","type":"ADSB_TargetState","icaoId":"471f7e","aircraft":"Airbus A320-232","callsign":"HA-LYC"}
{"ts":1644168369792,"raw":"8D507C425849E51C786E9AB9B2D3","type":"ADSB_AirbornePositionBaro","icaoId":"507c42","aircraft":"Airbus A320-214","callsign":"UK-32019"}
{"ts":1644168369793,"raw":"8D4CA97CEA466866C31C08976F09","type":"ADSB_TargetState","icaoId":"4ca97c","aircraft":"Boeing 737-8AS","callsign":"EI-ESV"}
{"ts":1644168369925,"raw":"8D4CA97C587121684C52D26DDA74","type":"ADSB_AirbornePositionBaro","icaoId":"4ca97c","aircraft":"Boeing 737-8AS","callsign":"EI-ESV"}
{"ts":1644168369993,"raw":"8D471F7E58151199886AEF34BD4C","type":"ADSB_AirbornePositionBaro","icaoId":"471f7e","aircraft":"Airbus A320-232","callsign":"HA-LYC"}
{"ts":1644168369995,"raw":"8D4CA97CF823000600487831E219","type":"ADSB_AircraftOperationStatus","icaoId":"4ca97c","aircraft":"Boeing 737-8AS","callsign":"EI-ESV"}
{"ts":1644168370125,"raw":"8D507C429908C41C508495995048","type":"ADSB_AirborneVelocity","icaoId":"507c42","aircraft":"Airbus A320-214","callsign":"UK-32019"}
{"ts":1644168370125,"raw":"8D471F7E235DA6B6C34C60C48403","type":"ADSB_AircraftIdentification","icaoId":"471f7e","aircraft":"Airbus A320-232","callsign":"HA-LYC"}
{"ts":1644168370254,"raw":"8D507C425849F1AC389B245AAB1C","type":"ADSB_AirbornePositionBaro","icaoId":"507c42","aircraft":"Airbus A320-214","callsign":"UK-32019"}
{"ts":1644168370318,"raw":"8D471F7EF823000200487843B54B","type":"ADSB_AircraftOperationStatus","icaoId":"471f7e","aircraft":"Airbus A320-232","callsign":"HA-LYC"}
{"ts":1644168370322,"raw":"8D471F7E998C9281508085CEE209","type":"ADSB_AirborneVelocity","icaoId":"471f7e","aircraft":"Airbus A320-232","callsign":"HA-LYC"}
{"ts":1644168370514,"raw":"8D507C42F8230003004878DFE0A2","type":"ADSB_AircraftOperationStatus","icaoId":"507c42","aircraft":"Airbus A320-214","callsign":"UK-32019"}
{"ts":1644168370580,"raw":"8D471F7E58152199886AE7653800","type":"ADSB_AirbornePositionBaro","icaoId":"471f7e","aircraft":"Airbus A320-232","callsign":"HA-LYC"}
{"ts":1644168370643,"raw":"8D4CA97C998D6D8DD0A89DB5867B","type":"ADSB_AirborneVelocity","icaoId":"4ca97c","aircraft":"Boeing 737-8AS","callsign":"EI-ESV"}
{"ts":1644168370708,"raw":"8D507C42584B01AC4C9B2D7CD392","type":"ADSB_AirbornePositionBaro","icaoId":"507c42","aircraft":"Airbus A320-214","callsign":"UK-32019"}
