{"ts":1644168289049,"raw":"8D507C42EA34D858011C0861FFD1","type":"ADSB_TargetState","icaoId":"507c42","aircraft":"Airbus A320-214","callsign":"UK-32019"}
{"ts":1644168289595,"raw":"8D507C425839950E7868A3A6E1F9","type":"ADSB_AirbornePositionBaro","icaoId":"507c42","aircraft":"Airbus A320-214","callsign":"UK-32019"}
{"ts":1644168289598,"raw":"8D507C425839919DF8950266E513","type":"ADSB_AirbornePositionBaro","icaoId":"507c42","aircraft":"Airbus A320-214","callsign":"UK-32019"}
{"ts":1644168289599,"raw":"8D507C429908C01BF09090CED372","type":"ADSB_AirborneVelocity","icaoId":"507c42","aircraft":"Airbus A320-214","callsign":"UK-32019"}
{"ts":1644168289902,"raw":"8D4CA97CEA32E866C31C08782250","type":"ADSB_TargetState","icaoId":"4ca97c","aircraft":"Boeing 737-8AS","callsign":"EI-ESV"}
{"ts":1644168290036,"raw":"8C471F7E235DA6B6C34C609CF57B","type":"ADSB_AircraftIdentification","icaoId":"471f7e","aircraft":"Airbus A320-232","callsign":"HA-LYC"}
{"ts":1644168290102,"raw":"8D507C429988C01BF09091A0E004","type":"ADSB_AirborneVelocity","icaoId":"507c42","aircraft":"Airbus A320-214","callsign":"UK-32019"}
{"ts":1644168290163,"raw":"8D507C42EA34D858011C0861FFD1","type":"ADSB_TargetState","icaoId":"507c42","aircraft":"Airbus A320-214","callsign":"UK-32019"}
{"ts":1644168290299,"raw":"8D4CA97C586134E056330ABE97E9","type":"ADSB_AirbornePositionBaro","icaoId":"4ca97c","aircraft":"Boeing 737-8AS","callsign":"EI-ESV"}
{"ts":1644168290426,"raw":"8D4CA97C990D628D50989901838C","type":"ADSB_AirborneVelocity","icaoId":"4ca97c","aircraft":"Boeing 737-8AS","callsign":"EI-ESV"}
{"ts":1644168290624,"raw":"8D507C429988C01BF090905F140D","type":"ADSB_AirborneVelocity","icaoId":"507c42","aircraft":"Airbus A320-214","callsign":"UK-32019"}
{"ts":1644168290630,"raw":"8D507C425839B19E2A95172287AC","type":"ADSB_AirbornePositionBaro","icaoId":"507c42","aircraft":"Airbus A320-214","callsign":"UK-32019"}
{"ts":1644168290883,"raw":"8D4CA97C586144E04A32F8A2D306","type":"ADSB_AirbornePositionBaro","icaoId":"4ca97c","aircraft":"Boeing 737-8AS","callsign":"EI-ESV"}
{"ts":1644168291013,"raw":"8D4CA97C990D628D50989901838C","type":"ADSB_AirborneVelocity","icaoId":"4ca97c","aircraft":"Boeing 737-8AS","callsign":"EI-ESV"}
{"ts":1644168291079,"raw":"8D507C429988C01BF09091A0E004","type":"ADSB_AirborneVelocity","icaoId":"507c42","aircraft":"Airbus A320-214","callsign":"UK-32019"}
{"ts":1644168291209,"raw":"8D507C425839C50ED268C98CA230","type":"ADSB_AirbornePositionBaro","icaoId":"507c42","aircraft":"Airbus A320-214","callsign":"UK-32019"}
{"ts":1644168291281,"raw":"8D4CA97C586144E04232E8CC91D6","type":"ADSB_AirbornePositionBaro","icaoId":"4ca97c","aircraft":"Boeing 737-8AS","callsign":"EI-ESV"}
{"ts":1644168291406,"raw":"8D507C42EA34D858011C0861FFD1","type":"ADSB_TargetState","icaoId":"507c42","aircraft":"Airbus A320-214","callsign":"UK-32019"}
{"ts":1644168291539,"raw":"8D507C429988C11BF090905C1EC3","type":"ADSB_AirborneVelocity","icaoId":"507c42","aircraft":"Airbus A320-214","callsign":"UK-32019"}
{"ts":1644168291669,"raw":"8D507C425839C19E56952A046F50","type":"ADSB_AirbornePositionBaro","icaoId":"507c42","aircraft":"Airbus A320-214","callsign":"UK-32019"}
{"ts":1644168291736,"raw":"8D4CA97C586154E03832DA9ACAA4","type":"ADSB_AirbornePositionBaro","icaoId":"4ca97c","aircraft":"Boeing 737-8AS","callsign":"EI-ESV"}
{"ts":1644168292000,"raw":"8D4CA97C990D638D509C993ABF42","type":"ADSB_AirborneVelocity","icaoId":"4ca97c","aircraft":"Boeing 737-8AS","callsign":"EI-ESV"}
{"ts":1644168292194,"raw":"8D507C425839D50EFE68DC5FAD12","type":"ADSB_AirbornePositionBaro","icaoId":"507c42","aircraft":"Airbus A320-214","callsign":"UK-32019"}
{"ts":1644168292195,"raw":"8D4CA97C5861616ED65DAEE04B93","type":"ADSB_AirbornePositionBaro","icaoId":"4ca97c","aircraft":"Boeing 737-8AS","callsign":"EI-ESV"}
{"ts":1644168292586,"raw":"8D4CA97C990D638D509C9AC55750","type":"ADSB_AirborneVelocity","icaoId":"4ca97c","aircraft":"Boeing 737-8AS","callsign":"EI-ESV"}
{"ts":1644168292722,"raw":"8D507C425839E50F1668E66FCAA0","type":"ADSB_AirbornePositionBaro","icaoId":"507c42","aircraft":"Airbus A320-214","callsign":"UK-32019"}
{"ts":1644168293045,"raw":"8D507C429988C11BF09091A3EACA","type":"ADSB_AirborneVelocity","icaoId":"507c42","aircraft":"Airbus A320-214","callsign":"UK-32019"}
{"ts":1644168293113,"raw":"8D4CA97C586174E01C32AB74E848","type":"ADSB_AirbornePositionBaro","icaoId":"4ca97c","aircraft":"Boeing 737-8AS","callsign":"EI-ESV"}
{"ts":1644168293308,"raw":"8D507C42F8230003004878DFE0A2","type":"ADSB_AircraftOperationStatus","icaoId":"507c42","aircraft":"Airbus A320-214","callsign":"UK-32019"}
{"ts":1644168293311,"raw":"8D507C425839F19EA2954A984D62","type":"ADSB_AirbornePositionBaro","icaoId":"507c42","aircraft":"Airbus A320-214","callsign":"UK-32019"}
{"ts":1644168293373,"raw":"8D4CA97C234994B82C6820FF9898","type":"ADSB_AircraftIdentification","icaoId":"4ca97c","aircraft":"Boeing 737-8AS","callsign":"EI-ESV"}
{"ts":1644168293637,"raw":"8D507C429988C11BF090905C1EC3","type":"ADSB_AirborneVelocity","icaoId":"507c42","aircraft":"Airbus A320-214","callsign":"UK-32019"}
{"ts":1644168293701,"raw":"8D4CA97C990D638D50A09A539159","type":"ADSB_AirborneVelocity","icaoId":"4ca97c","aircraft":"Boeing 737-8AS","callsign":"EI-ESV"}
{"ts":1644168293838,"raw":"8D507C42EA34D858011C0861FFD1","type":"ADSB_TargetState","icaoId":"507c42","aircraft":"Airbus A320-214","callsign":"UK-32019"}
{"ts":1644168293902,"raw":"8D507C42583B050F4A68FCADC825","type":"ADSB_AirbornePositionBaro","icaoId":"507c42","aircraft":"Airbus A320-214","callsign":"UK-32019"}
{"ts":1644168294360,"raw":"8D507C42583B119ED0955FA2C808","type":"ADSB_AirbornePositionBaro","icaoId":"507c42","aircraft":"Airbus A320-214","callsign":"UK-32019"}
{"ts":1644168294690,"raw":"8D507C429988C11C109090AA6CAC","type":"ADSB_AirborneVelocity","icaoId":"507c42","aircraft":"Airbus A320-214","callsign":"UK-32019"}
{"ts":1644168294751,"raw":"8D4CA97C990D638D50A49A6BA759","type":"ADSB_AirborneVelocity","icaoId":"4ca97c","aircraft":"Boeing 737-8AS","callsign":"EI-ESV"}
{"ts":1644168294952,"raw":"8D507C42583B150F78691015F5B4","type":"ADSB_AirbornePositionBaro","icaoId":"507c42","aircraft":"Airbus A320-214","callsign":"UK-32019"}
{"ts":1644168295145,"raw":"8D507C429988C11C1090915598A5","type":"ADSB_AirborneVelocity","icaoId":"507c42","aircraft":"Airbus A320-214","callsign":"UK-32019"}
{"ts":1644168295273,"raw":"8D4CA97C990D638D50A499944F4B","type":"ADSB_AirborneVelocity","icaoId":"4ca97c","aircraft":"Boeing 737-8AS","callsign":"EI-ESV"}
{"ts":1644168295537,"raw":"8D507C42583B219F069575482CD5","type":"ADSB_AirbornePositionBaro","icaoId":"507c42","aircraft":"Airbus A320-214","callsign":"UK-32019"}
{"ts":1644168295669,"raw":"8D4CA97C5861B4DFE63253089175","type":"ADSB_AirbornePositionBaro","icaoId":"4ca97c","aircraft":"Boeing 737-8AS","callsign":"EI-ESV"}
{"ts":1644168295670,"raw":"8D4CA97C990D638D50A09A539159","type":"ADSB_AirborneVelocity","icaoId":"4ca97c","aircraft":"Boeing 737-8AS","callsign":"EI-ESV"}
{"ts":1644168295733,"raw":"8D507C429988C21C109090AF73FE","type":"ADSB_AirborneVelocity","icaoId":"507c42","aircraft":"Airbus A320-214","callsign":"UK-32019"}
{"ts":1644168295737,"raw":"8D507C42F8230003004878DFE0A2","type":"ADSB_AircraftOperationStatus","icaoId":"507c42","aircraft":"Airbus A320-214","callsign":"UK-32019"}
{"ts":1644168296062,"raw":"8D507C42583B350FAA6924D3A547","type":"ADSB_AirbornePositionBaro","icaoId":"507c42","aircraft":"Airbus A320-214","callsign":"UK-32019"}
{"ts":1644168296459,"raw":"8D507C42583B419F3095875ABFF9","type":"ADSB_AirbornePositionBaro","icaoId":"507c42","aircraft":"Airbus A320-214","callsign":"UK-32019"}
{"ts":1644168296589,"raw":"8D4CA97C5861D16E785D12206142","type":"ADSB_AirbornePositionBaro","icaoId":"4ca97c","aircraft":"Boeing 737-8AS","callsign":"EI-ESV"}
{"ts":1644168296784,"raw":"8D4CA97C990D638D50A09A539159","type":"ADSB_AirborneVelocity","icaoId":"4ca97c","aircraft":"Boeing 737-8AS","callsign":"EI-ESV"}
{"ts":1644168296847,"raw":"8D507C429988C21C1090915087F7","type":"ADSB_AirborneVelocity","icaoId":"507c42","aircraft":"Airbus A320-214","callsign":"UK-32019"}
{"ts":1644168296912,"raw":"8D507C42583B450FCE6934B8D640","type":"ADSB_AirbornePositionBaro","icaoId":"507c42","aircraft":"Airbus A320-214","callsign":"UK-32019"}
