{"ts":1642157451019,"raw":"8D5000B9998CBB8521008E2A9EBA","type":"ADSB_AirborneVelocity","icaoId":"5000b9","aircraft":"","callsign":""}
{"ts":1642157451617,"raw":"8D5000B958154509FE3F6BCFB920","type":"ADSB_AirbornePositionBaro","icaoId":"5000b9","aircraft":"","callsign":""}
{"ts":1642157451619,"raw":"8D5000B9EA11A7D0015C08DB5055","type":"ADSB_TargetState","icaoId":"5000b9","aircraft":"","callsign":""}
{"ts":1642157451619,"raw":"8D8964D25883742A3096A7C45383","type":"ADSB_AirbornePositionBaro","icaoId":"8964d2","aircraft":"","callsign":"A6-FMC"}
{"ts":1642157451622,"raw":"8D5000B9E109A600000000C32906","type":"ADSB_AircraftStatus","icaoId":"5000b9","aircraft":"","callsign":""}
{"ts":1642157451622,"raw":"8D50845A584504B9C27A372BE489","type":"ADSB_AirbornePositionBaro","icaoId":"50845a","aircraft":"","callsign":""}
{"ts":1642157451624,"raw":"8D5000B958155509FA3F6437E48C","type":"ADSB_AirbornePositionBaro","icaoId":"5000b9","aircraft":"","callsign":""}
{"ts":1642157451625,"raw":"8D8964D2990C0F2C98B48B5FCD40","type":"ADSB_AirborneVelocity","icaoId":"8964d2","aircraft":"","callsign":"A6-FMC"}
{"ts":1642157451626,"raw":"8D8964D2F82100020049B84C7016","type":"ADSB_AircraftOperationStatus","icaoId":"8964d2","aircraft":"","callsign":"A6-FMC"}
{"ts":1642157451828,"raw":"8D5000B958155509F63F5C6F4684","type":"ADSB_AirbornePositionBaro","icaoId":"5000b9","aircraft":"","callsign":""}
{"ts":1642157451891,"raw":"8D44082B99118E205004AA1DFF58","type":"ADSB_AirborneVelocity","icaoId":"44082b","aircraft":"","callsign":"OE-LWO"}
{"ts":1642157451956,"raw":"8D5000B9998CBA8641048EA221FA","type":"ADSB_AirborneVelocity","icaoId":"5000b9","aircraft":"","callsign":""}
{"ts":1642157452023,"raw":"8D5000B9F8210002004AB8668337","type":"ADSB_AircraftOperationStatus","icaoId":"5000b9","aircraft":"","callsign":""}
{"ts":1642157452284,"raw":"8D50845A5843F4B9DC7A25631A0A","type":"ADSB_AirbornePositionBaro","icaoId":"50845a","aircraft":"","callsign":""}
{"ts":1642157452349,"raw":"8D5000B9581571994A6A8DC64D4B","type":"ADSB_AirbornePositionBaro","icaoId":"5000b9","aircraft":"","callsign":""}
{"ts":1642157452742,"raw":"8D50845A9914BA10785892282D7D","type":"ADSB_AirborneVelocity","icaoId":"50845a","aircraft":"","callsign":""}
{"ts":1642157452941,"raw":"8D5000B958159199426A828E3642","type":"ADSB_AirbornePositionBaro","icaoId":"5000b9","aircraft":"","callsign":""}
{"ts":1642157453591,"raw":"8D5000B9EA11A7D0015C08DB5055","type":"ADSB_TargetState","icaoId":"5000b9","aircraft":"","callsign":""}
{"ts":1642157453595,"raw":"8D50845A9914B910B858924DCED0","type":"ADSB_AirborneVelocity","icaoId":"50845a","aircraft":"","callsign":""}
{"ts":1642157453852,"raw":"8D44082B99118E205004AA1DFF58","type":"ADSB_AirborneVelocity","icaoId":"44082b","aircraft":"","callsign":"OE-LWO"}
{"ts":1642157454115,"raw":"8D5000B95815D509D83F35EF349F","type":"ADSB_AirbornePositionBaro","icaoId":"5000b9","aircraft":"","callsign":""}
{"ts":1642157454186,"raw":"8D4BC843EA447858011C082E76E2","type":"ADSB_TargetState","icaoId":"4bc843","aircraft":"","callsign":""}
{"ts":1642157454188,"raw":"8D50845A5843D14810A6D209ECE2","type":"ADSB_AirbornePositionBaro","icaoId":"50845a","aircraft":"","callsign":""}
{"ts":1642157454249,"raw":"8D50845AEA0BD860013C08424E74","type":"ADSB_TargetState","icaoId":"50845a","aircraft":"","callsign":""}
{"ts":1642157454507,"raw":"8D5000B9998CB489C1188D7ECBB9","type":"ADSB_AirborneVelocity","icaoId":"5000b9","aircraft":"","callsign":""}
{"ts":1642157454514,"raw":"8D5000B9F8210002004AB8668337","type":"ADSB_AircraftOperationStatus","icaoId":"5000b9","aircraft":"","callsign":""}
{"ts":1642157454841,"raw":"8D5000B9EA11A7D0015C08DB5055","type":"ADSB_TargetState","icaoId":"5000b9","aircraft":"","callsign":""}
{"ts":1642157454903,"raw":"8D44082B99118E205004ABE20B51","type":"ADSB_AirborneVelocity","icaoId":"44082b","aircraft":"","callsign":"OE-LWO"}
{"ts":1642157455037,"raw":"8D5000B958170509C83F2450501A","type":"ADSB_AirbornePositionBaro","icaoId":"5000b9","aircraft":"","callsign":""}
{"ts":1642157455492,"raw":"8D50845AEA0BD860013C08424E74","type":"ADSB_TargetState","icaoId":"50845a","aircraft":"","callsign":""}
{"ts":1642157455559,"raw":"8D4BC84358B50649F4976575AFBE","type":"ADSB_AirbornePositionBaro","icaoId":"4bc843","aircraft":"","callsign":""}
{"ts":1642157456083,"raw":"8D5000B9EA11A7D0015C08DB5055","type":"ADSB_TargetState","icaoId":"5000b9","aircraft":"","callsign":""}
{"ts":1642157456215,"raw":"8D50845A5843B14846A6AED3A934","type":"ADSB_AirbornePositionBaro","icaoId":"50845a","aircraft":"","callsign":""}
{"ts":1642157456220,"raw":"8D5000B9225374123608207D35B6","type":"ADSB_AircraftIdentification","icaoId":"5000b9","aircraft":"","callsign":""}
{"ts":1642157456228,"raw":"8D50845A9914B610D85092E344B1","type":"ADSB_AirborneVelocity","icaoId":"50845a","aircraft":"","callsign":""}
{"ts":1642157456605,"raw":"8D5000B9998CAE8C01248D22165C","type":"ADSB_AirborneVelocity","icaoId":"5000b9","aircraft":"","callsign":""}
{"ts":1642157456610,"raw":"8D50845A9914B610D85092E344B1","type":"ADSB_AirborneVelocity","icaoId":"50845a","aircraft":"","callsign":""}
{"ts":1642157457003,"raw":"8D5000B9F8210002004AB8668337","type":"ADSB_AircraftOperationStatus","icaoId":"5000b9","aircraft":"","callsign":""}
{"ts":1642157457131,"raw":"8D5000B9998CAE8C01248F220A47","type":"ADSB_AirborneVelocity","icaoId":"5000b9","aircraft":"","callsign":""}
{"ts":1642157457393,"raw":"8D5000B9EA11A7D0015C08DB5055","type":"ADSB_TargetState","icaoId":"5000b9","aircraft":"","callsign":""}
{"ts":1642157457659,"raw":"8D44082B58B5026CC69B2B3E97B3","type":"ADSB_AirbornePositionBaro","icaoId":"44082b","aircraft":"","callsign":"OE-LWO"}
{"ts":1642157457791,"raw":"8D5000B958179509903EF5D6ED48","type":"ADSB_AirbornePositionBaro","icaoId":"5000b9","aircraft":"","callsign":""}
{"ts":1642157457987,"raw":"8D50845AEA0BD860013C08424E74","type":"ADSB_TargetState","icaoId":"50845a","aircraft":"","callsign":""}
{"ts":1642157458309,"raw":"8D5000B95817A509883EEF3472DF","type":"ADSB_AirbornePositionBaro","icaoId":"5000b9","aircraft":"","callsign":""}
{"ts":1642157458313,"raw":"8D5000B9998CAA8D01308FDD322C","type":"ADSB_AirborneVelocity","icaoId":"5000b9","aircraft":"","callsign":""}
{"ts":1642157458377,"raw":"8D50845A9914B610B84C928442CA","type":"ADSB_AirborneVelocity","icaoId":"50845a","aircraft":"","callsign":""}
{"ts":1642157458571,"raw":"8D50845AF82300020049B8E868F8","type":"ADSB_AircraftOperationStatus","icaoId":"50845a","aircraft":"","callsign":""}
{"ts":1642157458637,"raw":"8D5000B9EA11A7D0015C08DB5055","type":"ADSB_TargetState","icaoId":"5000b9","aircraft":"","callsign":""}
{"ts":1642157458708,"raw":"8D5000B9990CA78DE1308D7E1E18","type":"ADSB_AirborneVelocity","icaoId":"5000b9","aircraft":"","callsign":""}
{"ts":1642157459100,"raw":"8D50845A5843914892A67A3C4451","type":"ADSB_AirbornePositionBaro","icaoId":"50845a","aircraft":"","callsign":""}
{"ts":1642157459164,"raw":"8D5000B95817C198CC6A17121958","type":"ADSB_AirbornePositionBaro","icaoId":"5000b9","aircraft":"","callsign":""}
{"ts":1642157459230,"raw":"8D5000B9990CA78DE1308E81F60A","type":"ADSB_AirborneVelocity","icaoId":"5000b9","aircraft":"","callsign":""}
{"ts":1642157459294,"raw":"8D50845AEA0BD860013C08424E74","type":"ADSB_TargetState","icaoId":"50845a","aircraft":"","callsign":""}
{"ts":1642157459356,"raw":"8D50845A9914B610984892F908E3","type":"ADSB_AirborneVelocity","icaoId":"50845a","aircraft":"","callsign":""}
{"ts":1642157459358,"raw":"8D4BC843F8230003004878350D52","type":"ADSB_AircraftOperationStatus","icaoId":"4bc843","aircraft":"","callsign":""}
{"ts":1642157459494,"raw":"8D5000B9F8210002004AB8668337","type":"ADSB_AircraftOperationStatus","icaoId":"5000b9","aircraft":"","callsign":""}
{"ts":1642157459886,"raw":"8D5000B9EA11A7D0015C08DB5055","type":"ADSB_TargetState","icaoId":"5000b9","aircraft":"","callsign":""}
{"ts":1642157460215,"raw":"8D5000B9990CA48EC1248F9A888D","type":"ADSB_AirborneVelocity","icaoId":"5000b9","aircraft":"","callsign":""}
{"ts":1642157460733,"raw":"8D5000B958191198A469FD44A566","type":"ADSB_AirbornePositionBaro","icaoId":"5000b9","aircraft":"","callsign":""}
{"ts":1642157460736,"raw":"8D44082B58B5026D689BA7FF0770","type":"ADSB_AirbornePositionBaro","icaoId":"44082b","aircraft":"","callsign":"OE-LWO"}
{"ts":1642157460805,"raw":"8D5000B9990CA18FC1248DBE4833","type":"ADSB_AirborneVelocity","icaoId":"5000b9","aircraft":"","callsign":""}
{"ts":1642157460930,"raw":"8D50845A9914B610784892DC8835","type":"ADSB_AirborneVelocity","icaoId":"50845a","aircraft":"","callsign":""}
{"ts":1642157461133,"raw":"8D5000B9581931989669F659F463","type":"ADSB_AirbornePositionBaro","icaoId":"5000b9","aircraft":"","callsign":""}
{"ts":1642157461194,"raw":"8D5000B9EA11A7D0015C08DB5055","type":"ADSB_TargetState","icaoId":"5000b9","aircraft":"","callsign":""}
{"ts":1642157461261,"raw":"8D5000B9225374123608207D35B6","type":"ADSB_AircraftIdentification","icaoId":"5000b9","aircraft":"","callsign":""}
{"ts":1642157461391,"raw":"8D5000B9E109A600000000C32906","type":"ADSB_AircraftStatus","icaoId":"5000b9","aircraft":"","callsign":""}
{"ts":1642157461405,"raw":"8D50845A9914B710584C92A2C8D2","type":"ADSB_AirborneVelocity","icaoId":"50845a","aircraft":"","callsign":""}
{"ts":1642157461460,"raw":"8D4BC8439908D42E1004B7597157","type":"ADSB_AirborneVelocity","icaoId":"4bc843","aircraft":"","callsign":""}
{"ts":1642157461979,"raw":"8D5000B9F8210002004AB8668337","type":"ADSB_AircraftOperationStatus","icaoId":"5000b9","aircraft":"","callsign":""}
{"ts":1642157461981,"raw":"8D5000B9990C9D90C1188FA13F4A","type":"ADSB_AirborneVelocity","icaoId":"5000b9","aircraft":"","callsign":""}
{"ts":1642157461984,"raw":"8D8964D25881442D1C96994E163B","type":"ADSB_AirbornePositionBaro","icaoId":"8964d2","aircraft":"","callsign":"A6-FMC"}
{"ts":1642157462241,"raw":"8D44082BEA447860015F88533FBA","type":"ADSB_TargetState","icaoId":"44082b","aircraft":"","callsign":"OE-LWO"}
{"ts":1642157462377,"raw":"8D5000B9EA11A7D0015C08DB5055","type":"ADSB_TargetState","icaoId":"5000b9","aircraft":"","callsign":""}
{"ts":1642157462636,"raw":"8D5000B9581971986C69DFE8CC7A","type":"ADSB_AirbornePositionBaro","icaoId":"5000b9","aircraft":"","callsign":""}
{"ts":1642157463031,"raw":"8D5000B9990C9991C11C8FBEDF21","type":"ADSB_AirborneVelocity","icaoId":"5000b9","aircraft":"","callsign":""}
{"ts":1642157463356,"raw":"8D50845A5843614900A62F2E2B13","type":"ADSB_AirbornePositionBaro","icaoId":"50845a","aircraft":"","callsign":""}
{"ts":1642157463491,"raw":"8D8964D2990C0F2C18B48BB5C9ED","type":"ADSB_AirborneVelocity","icaoId":"8964d2","aircraft":"","callsign":"A6-FMC"}
{"ts":1642157463617,"raw":"8D5000B95819A508FA3E9D7C71B5","type":"ADSB_AirbornePositionBaro","icaoId":"5000b9","aircraft":"","callsign":""}
{"ts":1642157463621,"raw":"8D44082B58B5026DFA9C17FFE867","type":"ADSB_AirbornePositionBaro","icaoId":"44082b","aircraft":"","callsign":"OE-LWO"}
{"ts":1642157463686,"raw":"8D5000B9EA11A7D0015C08DB5055","type":"ADSB_TargetState","icaoId":"5000b9","aircraft":"","callsign":""}
{"ts":1642157464077,"raw":"8D5000B9990C9492A1148F6A4729","type":"ADSB_AirborneVelocity","icaoId":"5000b9","aircraft":"","callsign":""}
{"ts":1642157464275,"raw":"8D50845A584354BB14795331E437","type":"ADSB_AirbornePositionBaro","icaoId":"50845a","aircraft":"","callsign":""}
{"ts":1642157464403,"raw":"8D8964D2990C0F2BF8B48B43BB82","type":"ADSB_AirborneVelocity","icaoId":"8964d2","aircraft":"","callsign":"A6-FMC"}
{"ts":1642157464537,"raw":"8D5000B9F8210002004AB8668337","type":"ADSB_AircraftOperationStatus","icaoId":"5000b9","aircraft":"","callsign":""}
{"ts":1642157464540,"raw":"8D5000B95819D508DA3E8FAAB7FF","type":"ADSB_AirbornePositionBaro","icaoId":"5000b9","aircraft":"","callsign":""}
{"ts":1642157464604,"raw":"8D5000B9990C9093A1148D4D8D59","type":"ADSB_AirborneVelocity","icaoId":"5000b9","aircraft":"","callsign":""}
{"ts":1642157464798,"raw":"8D50845A584354BB20794A61E9B7","type":"ADSB_AirbornePositionBaro","icaoId":"50845a","aircraft":"","callsign":""}
{"ts":1642157464929,"raw":"8D5000B9EA11A7D0015C08DB5055","type":"ADSB_TargetState","icaoId":"5000b9","aircraft":"","callsign":""}
{"ts":1642157465390,"raw":"8D50845AEA0BD7E8013C08F2B798","type":"ADSB_TargetState","icaoId":"50845a","aircraft":"","callsign":""}
{"ts":1642157465654,"raw":"8D5000B9990C8C94610C8EB50EA5","type":"ADSB_AirborneVelocity","icaoId":"5000b9","aircraft":"","callsign":""}
{"ts":1642157466043,"raw":"8D5000B9581B21980069AF9BBE48","type":"ADSB_AirbornePositionBaro","icaoId":"5000b9","aircraft":"","callsign":""}
{"ts":1642157466110,"raw":"8D5000B9990C8C94610C90B5BA3C","type":"ADSB_AirborneVelocity","icaoId":"5000b9","aircraft":"","callsign":""}
{"ts":1642157466371,"raw":"8D50845A584341494CA5F98A2E58","type":"ADSB_AirbornePositionBaro","icaoId":"50845a","aircraft":"","callsign":""}
{"ts":1642157466571,"raw":"8D50845AEA0BD7E8013C08F2B798","type":"ADSB_TargetState","icaoId":"50845a","aircraft":"","callsign":""}
{"ts":1642157466634,"raw":"8D8964D2F82100020049B84C7016","type":"ADSB_AircraftOperationStatus","icaoId":"8964d2","aircraft":"","callsign":"A6-FMC"}
{"ts":1642157466900,"raw":"8D50845A9994B7101850921175FF","type":"ADSB_AirborneVelocity","icaoId":"50845a","aircraft":"","callsign":""}
{"ts":1642157467031,"raw":"8D5000B9990C879541088F0104F4","type":"ADSB_AirborneVelocity","icaoId":"5000b9","aircraft":"","callsign":""}
{"ts":1642157467093,"raw":"8D5000B9F8210002004AB8668337","type":"ADSB_AircraftOperationStatus","icaoId":"5000b9","aircraft":"","callsign":""}
{"ts":1642157467355,"raw":"8D50845A5843314966A5E6D65ECB","type":"ADSB_AirbornePositionBaro","icaoId":"50845a","aircraft":"","callsign":""}
{"ts":1642157467419,"raw":"8D50845A9994B70FF85092F8D02A","type":"ADSB_AirborneVelocity","icaoId":"50845a","aircraft":"","callsign":""}
{"ts":1642157467552,"raw":"8D5000B9990C839600FC8E6AC21C","type":"ADSB_AirborneVelocity","icaoId":"5000b9","aircraft":"","callsign":""}
{"ts":1642157467617,"raw":"8D5000B9581B6197C6699A9809CE","type":"ADSB_AirbornePositionBaro","icaoId":"5000b9","aircraft":"","callsign":""}
{"ts":1642157467815,"raw":"8D50845AEA0AA7D8013C08AB785E","type":"ADSB_TargetState","icaoId":"50845a","aircraft":"","callsign":""}
{"ts":1642157467879,"raw":"8D44082B99118F205808ABC7F997","type":"ADSB_AirborneVelocity","icaoId":"44082b","aircraft":"","callsign":"OE-LWO"}
{"ts":1642157468008,"raw":"8D50845A9994B70FF85092F8D02A","type":"ADSB_AirborneVelocity","icaoId":"50845a","aircraft":"","callsign":""}
{"ts":1642157468337,"raw":"8D50845A5843214980A5D4EEB608","type":"ADSB_AirbornePositionBaro","icaoId":"50845a","aircraft":"","callsign":""}
{"ts":1642157468405,"raw":"8D50845A9994B70FF85092F8D02A","type":"ADSB_AirborneVelocity","icaoId":"50845a","aircraft":"","callsign":""}
{"ts":1642157468666,"raw":"8D5000B9EA11A7D0015C08DB5055","type":"ADSB_TargetState","icaoId":"5000b9","aircraft":"","callsign":""}
{"ts":1642157468798,"raw":"8D50845A584324BB8479046951B6","type":"ADSB_AirbornePositionBaro","icaoId":"50845a","aircraft":"","callsign":""}
{"ts":1642157468865,"raw":"8D50845A9994B70FF85092F8D02A","type":"ADSB_AirborneVelocity","icaoId":"50845a","aircraft":"","callsign":""}
{"ts":1642157468932,"raw":"8D44082B58B505DC266F2CB0EB07","type":"ADSB_AirbornePositionBaro","icaoId":"44082b","aircraft":"","callsign":"OE-LWO"}
{"ts":1642157469912,"raw":"8D50845A58431149A8A5B8969783","type":"ADSB_AirbornePositionBaro","icaoId":"50845a","aircraft":"","callsign":""}
{"ts":1642157469913,"raw":"8D5000B9EA11A7D0015C08DB5055","type":"ADSB_TargetState","icaoId":"5000b9","aircraft":"","callsign":""}
{"ts":1642157469916,"raw":"8D5000B9990C7A97A0EC90FCA245","type":"ADSB_AirborneVelocity","icaoId":"5000b9","aircraft":"","callsign":""}
{"ts":1642157470045,"raw":"8D5000B9581BD1976C697D9389DD","type":"ADSB_AirbornePositionBaro","icaoId":"5000b9","aircraft":"","callsign":""}
{"ts":1642157470371,"raw":"8D50845A9994B70FF85092F8D02A","type":"ADSB_AirborneVelocity","icaoId":"50845a","aircraft":"","callsign":""}
{"ts":1642157470437,"raw":"8D5000B9990C759860E88F39A618","type":"ADSB_AirborneVelocity","icaoId":"5000b9","aircraft":"","callsign":""}
{"ts":1642157470630,"raw":"8D5000B9581BE508063E450E58C6","type":"ADSB_AirbornePositionBaro","icaoId":"5000b9","aircraft":"","callsign":""}
{"ts":1642157470831,"raw":"8D50845A58430149BEA5A857662D","type":"ADSB_AirbornePositionBaro","icaoId":"50845a","aircraft":"","callsign":""}
{"ts":1642157471156,"raw":"8D5000B9EA11A7D0015C08DB5055","type":"ADSB_TargetState","icaoId":"5000b9","aircraft":"","callsign":""}
{"ts":1642157471159,"raw":"8D50845AF82300020049B8E868F8","type":"ADSB_AircraftOperationStatus","icaoId":"50845a","aircraft":"","callsign":""}
{"ts":1642157471289,"raw":"8D50845A9994B70FF85092F8D02A","type":"ADSB_AirborneVelocity","icaoId":"50845a","aircraft":"","callsign":""}
{"ts":1642157471352,"raw":"8D5000B9990C759860E890C6E688","type":"ADSB_AirborneVelocity","icaoId":"5000b9","aircraft":"","callsign":""}
{"ts":1642157471353,"raw":"8D5000B9E109A600000000C32906","type":"ADSB_AircraftStatus","icaoId":"5000b9","aircraft":"","callsign":""}
{"ts":1642157471483,"raw":"8D50845AEA09A7C8013C08F42F4A","type":"ADSB_TargetState","icaoId":"50845a","aircraft":"","callsign":""}
{"ts":1642157471946,"raw":"8D50845A5841F4BBD478CCA921FC","type":"ADSB_AirbornePositionBaro","icaoId":"50845a","aircraft":"","callsign":""}
{"ts":1642157472208,"raw":"8D5000B9990C709920DC908E6876","type":"ADSB_AirborneVelocity","icaoId":"5000b9","aircraft":"","callsign":""}
{"ts":1642157472210,"raw":"8D44082BEA447860015F88533FBA","type":"ADSB_TargetState","icaoId":"44082b","aircraft":"","callsign":"OE-LWO"}
{"ts":1642157472340,"raw":"8D50845A9994B70FD85492859A03","type":"ADSB_AirborneVelocity","icaoId":"50845a","aircraft":"","callsign":""}
{"ts":1642157472400,"raw":"8D5000B9EA11A7D0015C08DB5055","type":"ADSB_TargetState","icaoId":"5000b9","aircraft":"","callsign":""}
{"ts":1642157472599,"raw":"8D50845AE119A700000000E4A7C2","type":"ADSB_AircraftStatus","icaoId":"50845a","aircraft":"","callsign":""}
{"ts":1642157472797,"raw":"8D44082B58B5026FD69D84429E6E","type":"ADSB_AirbornePositionBaro","icaoId":"44082b","aircraft":"","callsign":"OE-LWO"}
{"ts":1642157472799,"raw":"8D5000B9990C6B99E0D48F4C5DDB","type":"ADSB_AirborneVelocity","icaoId":"5000b9","aircraft":"","callsign":""}
{"ts":1642157472800,"raw":"8D44082B99118E203004AB2D8F2A","type":"ADSB_AirborneVelocity","icaoId":"44082b","aircraft":"","callsign":"OE-LWO"}
{"ts":1642157473318,"raw":"8D5000B9990C6B99E0D490B31D4B","type":"ADSB_AirborneVelocity","icaoId":"5000b9","aircraft":"","callsign":""}
